Using pre-set license
Built from '2021.3/china_unity/release' branch; Version is '2021.3.9f1c1 (0fa35b602de1) revision 1024859'; Using compiler version '192829333'; Build Type 'Release'
OS: 'Windows 11  (10.0.22000) 64bit CoreCountrySpecific' Language: 'zh' Physical Memory: 16108 MB
BatchMode: 1, IsHumanControllingUs: 0, StartBugReporterOnCrash: 0, Is64bit: 1, IsPro: 1

COMMAND LINE ARGUMENTS:
D:\Program Files\Unity\Hub\Editor\2021.3.9f1c1\Editor\Unity.exe
-adb2
-batchMode
-noUpm
-name
AssetImportWorker1
-projectPath
D:/programming/unity/VR-edu/VR-edu
-logFile
Logs/AssetImportWorker1.log
-srvPort
50571
Successfully changed project path to: D:/programming/unity/VR-edu/VR-edu
D:/programming/unity/VR-edu/VR-edu
[UnityMemory] Configuration Parameters - Can be set up in boot.config
    "memorysetup-bucket-allocator-granularity=16"
    "memorysetup-bucket-allocator-bucket-count=8"
    "memorysetup-bucket-allocator-block-size=33554432"
    "memorysetup-bucket-allocator-block-count=8"
    "memorysetup-main-allocator-block-size=16777216"
    "memorysetup-thread-allocator-block-size=16777216"
    "memorysetup-gfx-main-allocator-block-size=16777216"
    "memorysetup-gfx-thread-allocator-block-size=16777216"
    "memorysetup-cache-allocator-block-size=4194304"
    "memorysetup-typetree-allocator-block-size=2097152"
    "memorysetup-profiler-bucket-allocator-granularity=16"
    "memorysetup-profiler-bucket-allocator-bucket-count=8"
    "memorysetup-profiler-bucket-allocator-block-size=33554432"
    "memorysetup-profiler-bucket-allocator-block-count=8"
    "memorysetup-profiler-allocator-block-size=16777216"
    "memorysetup-profiler-editor-allocator-block-size=1048576"
    "memorysetup-temp-allocator-size-main=16777216"
    "memorysetup-job-temp-allocator-block-size=2097152"
    "memorysetup-job-temp-allocator-block-size-background=1048576"
    "memorysetup-job-temp-allocator-reduction-small-platforms=262144"
    "memorysetup-temp-allocator-size-background-worker=32768"
    "memorysetup-temp-allocator-size-job-worker=262144"
    "memorysetup-temp-allocator-size-preload-manager=33554432"
    "memorysetup-temp-allocator-size-nav-mesh-worker=65536"
    "memorysetup-temp-allocator-size-audio-worker=65536"
    "memorysetup-temp-allocator-size-cloud-worker=32768"
    "memorysetup-temp-allocator-size-gi-baking-worker=262144"
    "memorysetup-temp-allocator-size-gfx=262144"
AS: AutoStreaming module initializing.
Refreshing native plugins compatible for Editor in 110.52 ms, found 7 plugins.
Preloading 1 native plugins for Editor in 0.67 ms.
Initialize engine version: 2021.3.9f1c1 (0fa35b602de1)
[Subsystems] Discovering subsystems at path D:/Program Files/Unity/Hub/Editor/2021.3.9f1c1/Editor/Data/Resources/UnitySubsystems
[Subsystems] Discovering subsystems at path D:/programming/unity/VR-edu/VR-edu/Assets
GfxDevice: creating device client; threaded=0; jobified=0
Direct3D:
    Version:  Direct3D 11.0 [level 11.1]
    Renderer: NVIDIA GeForce RTX 3050 Ti Laptop GPU (ID=0x25e0)
    Vendor:   NVIDIA
    VRAM:     3990 MB
    Driver:   31.0.15.1700
Initialize mono
Mono path[0] = 'D:/Program Files/Unity/Hub/Editor/2021.3.9f1c1/Editor/Data/Managed'
Mono path[1] = 'D:/Program Files/Unity/Hub/Editor/2021.3.9f1c1/Editor/Data/MonoBleedingEdge/lib/mono/unityjit-win32'
Mono config path = 'D:/Program Files/Unity/Hub/Editor/2021.3.9f1c1/Editor/Data/MonoBleedingEdge/etc'
Using monoOptions --debugger-agent=transport=dt_socket,embedding=1,server=y,suspend=n,address=127.0.0.1:56856
Begin MonoManager ReloadAssembly
Registering precompiled unity dll's ...
Register platform support module: D:/Program Files/Unity/Hub/Editor/2021.3.9f1c1/Editor/Data/PlaybackEngines/AndroidPlayer/UnityEditor.Android.Extensions.dll
Register platform support module: D:/Program Files/Unity/Hub/Editor/2021.3.9f1c1/Editor/Data/PlaybackEngines/WindowsStandaloneSupport/UnityEditor.WindowsStandalone.Extensions.dll
Register platform support module: D:/Program Files/Unity/Hub/Editor/2021.3.9f1c1/Editor/Data/PlaybackEngines/MetroSupport/UnityEditor.UWP.Extensions.dll
Registered in 0.003127 seconds.
Native extension for UWP target not found
Native extension for WindowsStandalone target not found
Native extension for Android target not found
Refreshing native plugins compatible for Editor in 69.79 ms, found 7 plugins.
Preloading 1 native plugins for Editor in 0.11 ms.
Mono: successfully reloaded assembly
- Completed reload, in  0.568 seconds
Domain Reload Profiling:
	ReloadAssembly (568ms)
		BeginReloadAssembly (90ms)
			ExecutionOrderSort (0ms)
			DisableScriptedObjects (0ms)
			BackupInstance (0ms)
			ReleaseScriptingObjects (0ms)
			CreateAndSetChildDomain (1ms)
		EndReloadAssembly (389ms)
			LoadAssemblies (84ms)
			RebuildTransferFunctionScriptingTraits (0ms)
			SetupTypeCache (83ms)
			ReleaseScriptCaches (0ms)
			RebuildScriptCaches (30ms)
			SetupLoadedEditorAssemblies (231ms)
				LogAssemblyErrors (0ms)
				InitializePlatformSupportModulesInManaged (43ms)
				SetLoadedEditorAssemblies (0ms)
				RefreshPlugins (70ms)
				BeforeProcessingInitializeOnLoad (1ms)
				ProcessInitializeOnLoadAttributes (77ms)
				ProcessInitializeOnLoadMethodAttributes (40ms)
				AfterProcessingInitializeOnLoad (0ms)
				EditorAssembliesLoaded (0ms)
			ExecutionOrderSort2 (0ms)
			AwakeInstancesAfterBackupRestoration (0ms)
Platform modules already initialized, skipping
Registering precompiled user dll's ...
Registered in 0.016630 seconds.
Begin MonoManager ReloadAssembly
Symbol file LoadedFromMemory doesn't match image D:\programming\unity\VR-edu\VR-edu\Library\PackageCache\com.unity.visualscripting@1.7.8\Editor\VisualScripting.Core\Dependencies\DotNetZip\Unity.VisualScripting.IonicZip.dll
Symbol file LoadedFromMemory doesn't match image D:\programming\unity\VR-edu\VR-edu\Library\PackageCache\com.unity.visualscripting@1.7.8\Editor\VisualScripting.Core\Dependencies\YamlDotNet\Unity.VisualScripting.YamlDotNet.dll
Native extension for UWP target not found
Native extension for WindowsStandalone target not found
Native extension for Android target not found
Refreshing native plugins compatible for Editor in 92.04 ms, found 7 plugins.
Preloading 1 native plugins for Editor in 0.11 ms.
Package Manager log level set to [2]
System.Reflection.TargetInvocationException: Exception has been thrown by the target of an invocation. ---> System.NullReferenceException: Object reference not set to an instance of an object
  at Unity.XR.Oculus.OculusLoader.AssetPathToAbsolutePath (System.String assetPath) [0x0003d] in D:\programming\unity\VR-edu\VR-edu\Library\PackageCache\com.unity.xr.oculus@3.0.2\Runtime\OculusLoader.cs:271 
  at Unity.XR.Oculus.OculusLoader.EditorLoadOVRPlugin () [0x0007b] in D:\programming\unity\VR-edu\VR-edu\Library\PackageCache\com.unity.xr.oculus@3.0.2\Runtime\OculusLoader.cs:256 
  at (wrapper managed-to-native) System.Reflection.RuntimeMethodInfo.InternalInvoke(System.Reflection.RuntimeMethodInfo,object,object[],System.Exception&)
  at System.Reflection.RuntimeMethodInfo.Invoke (System.Object obj, System.Reflection.BindingFlags invokeAttr, System.Reflection.Binder binder, System.Object[] parameters, System.Globalization.CultureInfo culture) [0x0006a] in <9aad1b3a47484d63ba2b3985692d80e9>:0 
   --- End of inner exception stack trace ---
  at System.Reflection.RuntimeMethodInfo.Invoke (System.Object obj, System.Reflection.BindingFlags invokeAttr, System.Reflection.Binder binder, System.Object[] parameters, System.Globalization.CultureInfo culture) [0x00083] in <9aad1b3a47484d63ba2b3985692d80e9>:0 
  at System.Reflection.MethodBase.Invoke (System.Object obj, System.Object[] parameters) [0x00000] in <9aad1b3a47484d63ba2b3985692d80e9>:0 
  at UnityEditor.EditorAssemblies.ProcessInitializeOnLoadMethodAttributes () [0x000a5] in <0c9183c83c1543a1bfb64f3734ed0991>:0 
UnityEngine.StackTraceUtility:ExtractStackTrace ()
UnityEngine.DebugLogHandler:LogFormat (UnityEngine.LogType,UnityEngine.Object,string,object[])
UnityEngine.Logger:Log (UnityEngine.LogType,object)
UnityEngine.Debug:LogError (object)
UnityEditor.EditorAssemblies:ProcessInitializeOnLoadMethodAttributes ()

Mono: successfully reloaded assembly
- Completed reload, in  1.162 seconds
Domain Reload Profiling:
	ReloadAssembly (1163ms)
		BeginReloadAssembly (190ms)
			ExecutionOrderSort (0ms)
			DisableScriptedObjects (4ms)
			BackupInstance (0ms)
			ReleaseScriptingObjects (0ms)
			CreateAndSetChildDomain (119ms)
		EndReloadAssembly (868ms)
			LoadAssemblies (79ms)
			RebuildTransferFunctionScriptingTraits (0ms)
			SetupTypeCache (198ms)
			ReleaseScriptCaches (1ms)
			RebuildScriptCaches (59ms)
			SetupLoadedEditorAssemblies (492ms)
				LogAssemblyErrors (0ms)
				InitializePlatformSupportModulesInManaged (9ms)
				SetLoadedEditorAssemblies (0ms)
				RefreshPlugins (92ms)
				BeforeProcessingInitializeOnLoad (81ms)
				ProcessInitializeOnLoadAttributes (279ms)
				ProcessInitializeOnLoadMethodAttributes (24ms)
				AfterProcessingInitializeOnLoad (6ms)
				EditorAssembliesLoaded (0ms)
			ExecutionOrderSort2 (0ms)
			AwakeInstancesAfterBackupRestoration (5ms)
Platform modules already initialized, skipping
========================================================================
Worker process is ready to serve import requests
Launched and connected shader compiler UnityShaderCompiler.exe after 0.04 seconds
Refreshing native plugins compatible for Editor in 0.79 ms, found 7 plugins.
Preloading 1 native plugins for Editor in 0.09 ms.
Unloading 4702 Unused Serialized files (Serialized files now loaded: 0)
Unloading 60 unused Assets / (120.4 KB). Loaded Objects now: 5191.
Memory consumption went from 185.6 MB to 185.5 MB.
Total: 3.380900 ms (FindLiveObjects: 0.249100 ms CreateObjectMapping: 0.134800 ms MarkObjects: 2.857700 ms  DeleteObjects: 0.138300 ms)

AssetImportParameters requested are different than current active one (requested -> active):
  custom:video-decoder-ogg-theora: a1e56fd34408186e4bbccfd4996cb3dc -> 
  custom:container-muxer-webm: aa71ff27fc2769a1b78a27578f13a17b -> 
  custom:container-demuxer-webm: 4f35f7cbe854078d1ac9338744f61a02 -> 
  custom:video-encoder-webm-vp8: eb34c28f22e8b96e1ab97ce403110664 -> 
  custom:video-codec-MediaFoundation-h265: 746d11721c4dcdbdad8f713fa42b33f4 -> 
  custom:audio-encoder-webm-vorbis: bf7c407c2cedff20999df2af8eb42d56 -> 
  custom:framework-win-MediaFoundation: 216162199b28c13a410421893ffa2e32 -> 
  custom:container-demuxer-ogg: 62fdf1f143b41e24485cea50d1cbac27 -> 
  custom:video-decoder-webm-vp8: 9c59270c3fd7afecdb556c50c9e8de78 -> 
  custom:audio-decoder-ogg-vorbis: bf7c407c2cedff20999df2af8eb42d56 -> 
========================================================================
Received Prepare
Registering precompiled user dll's ...
Registered in 0.015260 seconds.
Begin MonoManager ReloadAssembly
Symbol file LoadedFromMemory doesn't match image D:\programming\unity\VR-edu\VR-edu\Library\PackageCache\com.unity.visualscripting@1.7.8\Editor\VisualScripting.Core\Dependencies\DotNetZip\Unity.VisualScripting.IonicZip.dll
Symbol file LoadedFromMemory doesn't match image D:\programming\unity\VR-edu\VR-edu\Library\PackageCache\com.unity.visualscripting@1.7.8\Editor\VisualScripting.Core\Dependencies\YamlDotNet\Unity.VisualScripting.YamlDotNet.dll
Native extension for UWP target not found
Native extension for WindowsStandalone target not found
Native extension for Android target not found
Refreshing native plugins compatible for Editor in 0.82 ms, found 7 plugins.
Preloading 1 native plugins for Editor in 0.12 ms.
System.Reflection.TargetInvocationException: Exception has been thrown by the target of an invocation. ---> System.NullReferenceException: Object reference not set to an instance of an object
  at Unity.XR.Oculus.OculusLoader.AssetPathToAbsolutePath (System.String assetPath) [0x0003d] in D:\programming\unity\VR-edu\VR-edu\Library\PackageCache\com.unity.xr.oculus@3.0.2\Runtime\OculusLoader.cs:271 
  at Unity.XR.Oculus.OculusLoader.EditorLoadOVRPlugin () [0x0007b] in D:\programming\unity\VR-edu\VR-edu\Library\PackageCache\com.unity.xr.oculus@3.0.2\Runtime\OculusLoader.cs:256 
  at (wrapper managed-to-native) System.Reflection.RuntimeMethodInfo.InternalInvoke(System.Reflection.RuntimeMethodInfo,object,object[],System.Exception&)
  at System.Reflection.RuntimeMethodInfo.Invoke (System.Object obj, System.Reflection.BindingFlags invokeAttr, System.Reflection.Binder binder, System.Object[] parameters, System.Globalization.CultureInfo culture) [0x0006a] in <9aad1b3a47484d63ba2b3985692d80e9>:0 
   --- End of inner exception stack trace ---
  at System.Reflection.RuntimeMethodInfo.Invoke (System.Object obj, System.Reflection.BindingFlags invokeAttr, System.Reflection.Binder binder, System.Object[] parameters, System.Globalization.CultureInfo culture) [0x00083] in <9aad1b3a47484d63ba2b3985692d80e9>:0 
  at System.Reflection.MethodBase.Invoke (System.Object obj, System.Object[] parameters) [0x00000] in <9aad1b3a47484d63ba2b3985692d80e9>:0 
  at UnityEditor.EditorAssemblies.ProcessInitializeOnLoadMethodAttributes () [0x000a5] in <0c9183c83c1543a1bfb64f3734ed0991>:0 
UnityEngine.StackTraceUtility:ExtractStackTrace ()
UnityEngine.DebugLogHandler:LogFormat (UnityEngine.LogType,UnityEngine.Object,string,object[])
UnityEngine.Logger:Log (UnityEngine.LogType,object)
UnityEngine.Debug:LogError (object)
UnityEditor.EditorAssemblies:ProcessInitializeOnLoadMethodAttributes ()

Mono: successfully reloaded assembly
- Completed reload, in  0.866 seconds
Domain Reload Profiling:
	ReloadAssembly (866ms)
		BeginReloadAssembly (114ms)
			ExecutionOrderSort (0ms)
			DisableScriptedObjects (4ms)
			BackupInstance (0ms)
			ReleaseScriptingObjects (0ms)
			CreateAndSetChildDomain (33ms)
		EndReloadAssembly (676ms)
			LoadAssemblies (82ms)
			RebuildTransferFunctionScriptingTraits (0ms)
			SetupTypeCache (190ms)
			ReleaseScriptCaches (1ms)
			RebuildScriptCaches (31ms)
			SetupLoadedEditorAssemblies (325ms)
				LogAssemblyErrors (0ms)
				InitializePlatformSupportModulesInManaged (15ms)
				SetLoadedEditorAssemblies (0ms)
				RefreshPlugins (1ms)
				BeforeProcessingInitializeOnLoad (47ms)
				ProcessInitializeOnLoadAttributes (231ms)
				ProcessInitializeOnLoadMethodAttributes (24ms)
				AfterProcessingInitializeOnLoad (6ms)
				EditorAssembliesLoaded (0ms)
			ExecutionOrderSort2 (0ms)
			AwakeInstancesAfterBackupRestoration (6ms)
Platform modules already initialized, skipping
Refreshing native plugins compatible for Editor in 4.79 ms, found 7 plugins.
Preloading 1 native plugins for Editor in 0.07 ms.
Unloading 4644 Unused Serialized files (Serialized files now loaded: 0)
Unloading 50 unused Assets / (90.4 KB). Loaded Objects now: 5197.
Memory consumption went from 181.2 MB to 181.1 MB.
Total: 2.867800 ms (FindLiveObjects: 0.248500 ms CreateObjectMapping: 0.133200 ms MarkObjects: 2.367300 ms  DeleteObjects: 0.117200 ms)

AssetImportParameters requested are different than current active one (requested -> active):
  custom:video-decoder-ogg-theora: a1e56fd34408186e4bbccfd4996cb3dc -> 
  custom:container-muxer-webm: aa71ff27fc2769a1b78a27578f13a17b -> 
  custom:container-demuxer-webm: 4f35f7cbe854078d1ac9338744f61a02 -> 
  custom:video-encoder-webm-vp8: eb34c28f22e8b96e1ab97ce403110664 -> 
  custom:video-codec-MediaFoundation-h265: 746d11721c4dcdbdad8f713fa42b33f4 -> 
  custom:audio-encoder-webm-vorbis: bf7c407c2cedff20999df2af8eb42d56 -> 
  custom:framework-win-MediaFoundation: 216162199b28c13a410421893ffa2e32 -> 
  custom:container-demuxer-ogg: 62fdf1f143b41e24485cea50d1cbac27 -> 
  custom:video-decoder-webm-vp8: 9c59270c3fd7afecdb556c50c9e8de78 -> 
  custom:audio-decoder-ogg-vorbis: bf7c407c2cedff20999df2af8eb42d56 -> 
========================================================================
Received Prepare
Registering precompiled user dll's ...
Registered in 0.018407 seconds.
Begin MonoManager ReloadAssembly
Symbol file LoadedFromMemory doesn't match image D:\programming\unity\VR-edu\VR-edu\Library\PackageCache\com.unity.visualscripting@1.7.8\Editor\VisualScripting.Core\Dependencies\DotNetZip\Unity.VisualScripting.IonicZip.dll
Symbol file LoadedFromMemory doesn't match image D:\programming\unity\VR-edu\VR-edu\Library\PackageCache\com.unity.visualscripting@1.7.8\Editor\VisualScripting.Core\Dependencies\YamlDotNet\Unity.VisualScripting.YamlDotNet.dll
Native extension for UWP target not found
Native extension for WindowsStandalone target not found
Native extension for Android target not found
Refreshing native plugins compatible for Editor in 0.75 ms, found 7 plugins.
Preloading 1 native plugins for Editor in 0.14 ms.
System.Reflection.TargetInvocationException: Exception has been thrown by the target of an invocation. ---> System.NullReferenceException: Object reference not set to an instance of an object
  at Unity.XR.Oculus.OculusLoader.AssetPathToAbsolutePath (System.String assetPath) [0x0003d] in D:\programming\unity\VR-edu\VR-edu\Library\PackageCache\com.unity.xr.oculus@3.0.2\Runtime\OculusLoader.cs:271 
  at Unity.XR.Oculus.OculusLoader.EditorLoadOVRPlugin () [0x0007b] in D:\programming\unity\VR-edu\VR-edu\Library\PackageCache\com.unity.xr.oculus@3.0.2\Runtime\OculusLoader.cs:256 
  at (wrapper managed-to-native) System.Reflection.RuntimeMethodInfo.InternalInvoke(System.Reflection.RuntimeMethodInfo,object,object[],System.Exception&)
  at System.Reflection.RuntimeMethodInfo.Invoke (System.Object obj, System.Reflection.BindingFlags invokeAttr, System.Reflection.Binder binder, System.Object[] parameters, System.Globalization.CultureInfo culture) [0x0006a] in <9aad1b3a47484d63ba2b3985692d80e9>:0 
   --- End of inner exception stack trace ---
  at System.Reflection.RuntimeMethodInfo.Invoke (System.Object obj, System.Reflection.BindingFlags invokeAttr, System.Reflection.Binder binder, System.Object[] parameters, System.Globalization.CultureInfo culture) [0x00083] in <9aad1b3a47484d63ba2b3985692d80e9>:0 
  at System.Reflection.MethodBase.Invoke (System.Object obj, System.Object[] parameters) [0x00000] in <9aad1b3a47484d63ba2b3985692d80e9>:0 
  at UnityEditor.EditorAssemblies.ProcessInitializeOnLoadMethodAttributes () [0x000a5] in <0c9183c83c1543a1bfb64f3734ed0991>:0 
UnityEngine.StackTraceUtility:ExtractStackTrace ()
UnityEngine.DebugLogHandler:LogFormat (UnityEngine.LogType,UnityEngine.Object,string,object[])
UnityEngine.Logger:Log (UnityEngine.LogType,object)
UnityEngine.Debug:LogError (object)
UnityEditor.EditorAssemblies:ProcessInitializeOnLoadMethodAttributes ()

Mono: successfully reloaded assembly
- Completed reload, in  1.054 seconds
Domain Reload Profiling:
	ReloadAssembly (1055ms)
		BeginReloadAssembly (125ms)
			ExecutionOrderSort (0ms)
			DisableScriptedObjects (4ms)
			BackupInstance (0ms)
			ReleaseScriptingObjects (0ms)
			CreateAndSetChildDomain (41ms)
		EndReloadAssembly (845ms)
			LoadAssemblies (93ms)
			RebuildTransferFunctionScriptingTraits (0ms)
			SetupTypeCache (232ms)
			ReleaseScriptCaches (1ms)
			RebuildScriptCaches (38ms)
			SetupLoadedEditorAssemblies (406ms)
				LogAssemblyErrors (0ms)
				InitializePlatformSupportModulesInManaged (16ms)
				SetLoadedEditorAssemblies (0ms)
				RefreshPlugins (1ms)
				BeforeProcessingInitializeOnLoad (51ms)
				ProcessInitializeOnLoadAttributes (304ms)
				ProcessInitializeOnLoadMethodAttributes (25ms)
				AfterProcessingInitializeOnLoad (8ms)
				EditorAssembliesLoaded (0ms)
			ExecutionOrderSort2 (0ms)
			AwakeInstancesAfterBackupRestoration (16ms)
Platform modules already initialized, skipping
Refreshing native plugins compatible for Editor in 3.52 ms, found 7 plugins.
Preloading 1 native plugins for Editor in 0.07 ms.
Unloading 4644 Unused Serialized files (Serialized files now loaded: 0)
Unloading 50 unused Assets / (90.3 KB). Loaded Objects now: 5202.
Memory consumption went from 181.2 MB to 181.1 MB.
Total: 2.963300 ms (FindLiveObjects: 0.234400 ms CreateObjectMapping: 0.124900 ms MarkObjects: 2.491900 ms  DeleteObjects: 0.111200 ms)

AssetImportParameters requested are different than current active one (requested -> active):
  custom:video-decoder-ogg-theora: a1e56fd34408186e4bbccfd4996cb3dc -> 
  custom:container-muxer-webm: aa71ff27fc2769a1b78a27578f13a17b -> 
  custom:container-demuxer-webm: 4f35f7cbe854078d1ac9338744f61a02 -> 
  custom:video-encoder-webm-vp8: eb34c28f22e8b96e1ab97ce403110664 -> 
  custom:video-codec-MediaFoundation-h265: 746d11721c4dcdbdad8f713fa42b33f4 -> 
  custom:audio-encoder-webm-vorbis: bf7c407c2cedff20999df2af8eb42d56 -> 
  custom:framework-win-MediaFoundation: 216162199b28c13a410421893ffa2e32 -> 
  custom:container-demuxer-ogg: 62fdf1f143b41e24485cea50d1cbac27 -> 
  custom:video-decoder-webm-vp8: 9c59270c3fd7afecdb556c50c9e8de78 -> 
  custom:audio-decoder-ogg-vorbis: bf7c407c2cedff20999df2af8eb42d56 -> 
========================================================================
Received Prepare
Registering precompiled user dll's ...
Registered in 0.026008 seconds.
Begin MonoManager ReloadAssembly
Symbol file LoadedFromMemory doesn't match image D:\programming\unity\VR-edu\VR-edu\Library\PackageCache\com.unity.visualscripting@1.7.8\Editor\VisualScripting.Core\Dependencies\DotNetZip\Unity.VisualScripting.IonicZip.dll
Symbol file LoadedFromMemory doesn't match image D:\programming\unity\VR-edu\VR-edu\Library\PackageCache\com.unity.visualscripting@1.7.8\Editor\VisualScripting.Core\Dependencies\YamlDotNet\Unity.VisualScripting.YamlDotNet.dll
Native extension for UWP target not found
Native extension for WindowsStandalone target not found
Native extension for Android target not found
Refreshing native plugins compatible for Editor in 1.19 ms, found 7 plugins.
Preloading 1 native plugins for Editor in 0.18 ms.
System.Reflection.TargetInvocationException: Exception has been thrown by the target of an invocation. ---> System.NullReferenceException: Object reference not set to an instance of an object
  at Unity.XR.Oculus.OculusLoader.AssetPathToAbsolutePath (System.String assetPath) [0x0003d] in D:\programming\unity\VR-edu\VR-edu\Library\PackageCache\com.unity.xr.oculus@3.0.2\Runtime\OculusLoader.cs:271 
  at Unity.XR.Oculus.OculusLoader.EditorLoadOVRPlugin () [0x0007b] in D:\programming\unity\VR-edu\VR-edu\Library\PackageCache\com.unity.xr.oculus@3.0.2\Runtime\OculusLoader.cs:256 
  at (wrapper managed-to-native) System.Reflection.RuntimeMethodInfo.InternalInvoke(System.Reflection.RuntimeMethodInfo,object,object[],System.Exception&)
  at System.Reflection.RuntimeMethodInfo.Invoke (System.Object obj, System.Reflection.BindingFlags invokeAttr, System.Reflection.Binder binder, System.Object[] parameters, System.Globalization.CultureInfo culture) [0x0006a] in <9aad1b3a47484d63ba2b3985692d80e9>:0 
   --- End of inner exception stack trace ---
  at System.Reflection.RuntimeMethodInfo.Invoke (System.Object obj, System.Reflection.BindingFlags invokeAttr, System.Reflection.Binder binder, System.Object[] parameters, System.Globalization.CultureInfo culture) [0x00083] in <9aad1b3a47484d63ba2b3985692d80e9>:0 
  at System.Reflection.MethodBase.Invoke (System.Object obj, System.Object[] parameters) [0x00000] in <9aad1b3a47484d63ba2b3985692d80e9>:0 
  at UnityEditor.EditorAssemblies.ProcessInitializeOnLoadMethodAttributes () [0x000a5] in <0c9183c83c1543a1bfb64f3734ed0991>:0 
UnityEngine.StackTraceUtility:ExtractStackTrace ()
UnityEngine.DebugLogHandler:LogFormat (UnityEngine.LogType,UnityEngine.Object,string,object[])
UnityEngine.Logger:Log (UnityEngine.LogType,object)
UnityEngine.Debug:LogError (object)
UnityEditor.EditorAssemblies:ProcessInitializeOnLoadMethodAttributes ()

Mono: successfully reloaded assembly
- Completed reload, in  1.036 seconds
Domain Reload Profiling:
	ReloadAssembly (1036ms)
		BeginReloadAssembly (156ms)
			ExecutionOrderSort (0ms)
			DisableScriptedObjects (5ms)
			BackupInstance (0ms)
			ReleaseScriptingObjects (0ms)
			CreateAndSetChildDomain (38ms)
		EndReloadAssembly (785ms)
			LoadAssemblies (125ms)
			RebuildTransferFunctionScriptingTraits (0ms)
			SetupTypeCache (246ms)
			ReleaseScriptCaches (1ms)
			RebuildScriptCaches (30ms)
			SetupLoadedEditorAssemblies (366ms)
				LogAssemblyErrors (0ms)
				InitializePlatformSupportModulesInManaged (18ms)
				SetLoadedEditorAssemblies (1ms)
				RefreshPlugins (1ms)
				BeforeProcessingInitializeOnLoad (51ms)
				ProcessInitializeOnLoadAttributes (257ms)
				ProcessInitializeOnLoadMethodAttributes (30ms)
				AfterProcessingInitializeOnLoad (8ms)
				EditorAssembliesLoaded (0ms)
			ExecutionOrderSort2 (0ms)
			AwakeInstancesAfterBackupRestoration (7ms)
Platform modules already initialized, skipping
Refreshing native plugins compatible for Editor in 3.53 ms, found 7 plugins.
Preloading 1 native plugins for Editor in 0.07 ms.
Unloading 4644 Unused Serialized files (Serialized files now loaded: 0)
Unloading 50 unused Assets / (90.4 KB). Loaded Objects now: 5207.
Memory consumption went from 181.2 MB to 181.1 MB.
Total: 3.227300 ms (FindLiveObjects: 0.334900 ms CreateObjectMapping: 0.115700 ms MarkObjects: 2.662200 ms  DeleteObjects: 0.112800 ms)

AssetImportParameters requested are different than current active one (requested -> active):
  custom:video-decoder-ogg-theora: a1e56fd34408186e4bbccfd4996cb3dc -> 
  custom:container-muxer-webm: aa71ff27fc2769a1b78a27578f13a17b -> 
  custom:container-demuxer-webm: 4f35f7cbe854078d1ac9338744f61a02 -> 
  custom:video-encoder-webm-vp8: eb34c28f22e8b96e1ab97ce403110664 -> 
  custom:video-codec-MediaFoundation-h265: 746d11721c4dcdbdad8f713fa42b33f4 -> 
  custom:audio-encoder-webm-vorbis: bf7c407c2cedff20999df2af8eb42d56 -> 
  custom:framework-win-MediaFoundation: 216162199b28c13a410421893ffa2e32 -> 
  custom:container-demuxer-ogg: 62fdf1f143b41e24485cea50d1cbac27 -> 
  custom:video-decoder-webm-vp8: 9c59270c3fd7afecdb556c50c9e8de78 -> 
  custom:audio-decoder-ogg-vorbis: bf7c407c2cedff20999df2af8eb42d56 -> 
========================================================================
Received Import Request.
  Time since last request: 49224.106583 seconds.
  path: Assets/Scripts/BasicSpawner.cs
  artifactKey: Guid(2034dbbb9afc2c74cbaaebef5f813c3d) Importer(815301076,1909f56bfc062723c751e8b465ee728b)
Start importing Assets/Scripts/BasicSpawner.cs using Guid(2034dbbb9afc2c74cbaaebef5f813c3d) Importer(815301076,1909f56bfc062723c751e8b465ee728b)  -> (artifact id: '7c5ec14564833fc5b9288f8289b60747') in 0.023227 seconds 
========================================================================
Received Import Request.
  Time since last request: 121.620496 seconds.
  path: Assets/OfficeInteriors/Src/scene2/Materials/WoodMeuble.mat
  artifactKey: Guid(aaab4dc4185d4164fb38f844b1fc294d) Importer(815301076,1909f56bfc062723c751e8b465ee728b)
Start importing Assets/OfficeInteriors/Src/scene2/Materials/WoodMeuble.mat using Guid(aaab4dc4185d4164fb38f844b1fc294d) Importer(815301076,1909f56bfc062723c751e8b465ee728b)  -> (artifact id: '18ba226d5451da51af6b6e14c9998de3') in 0.187870 seconds 
========================================================================
Received Import Request.
  Time since last request: 0.000038 seconds.
  path: Assets/OfficeInteriors/Src/scene4/Materials/WoodFine0033_15_S.mat
  artifactKey: Guid(207a2ee738ee8dd489efdd32c6fcc83b) Importer(815301076,1909f56bfc062723c751e8b465ee728b)
Start importing Assets/OfficeInteriors/Src/scene4/Materials/WoodFine0033_15_S.mat using Guid(207a2ee738ee8dd489efdd32c6fcc83b) Importer(815301076,1909f56bfc062723c751e8b465ee728b)  -> (artifact id: '95a27fbc11349a11787a20e36cf39d0b') in 0.013659 seconds 
========================================================================
Received Import Request.
  Time since last request: 0.000055 seconds.
  path: Assets/OfficeInteriors/Src/scene2/Materials/WoodFine0044_9_S.mat
  artifactKey: Guid(305f8718fa8413d4dace936df1a7eff6) Importer(815301076,1909f56bfc062723c751e8b465ee728b)
Start importing Assets/OfficeInteriors/Src/scene2/Materials/WoodFine0044_9_S.mat using Guid(305f8718fa8413d4dace936df1a7eff6) Importer(815301076,1909f56bfc062723c751e8b465ee728b)  -> (artifact id: '3cf182eeb907a3870b14da28c6be3b35') in 0.073330 seconds 
========================================================================
Received Import Request.
  Time since last request: 0.000021 seconds.
  path: Assets/OfficeInteriors/Src/scene4/Materials/WoodFine0044_9_S.mat
  artifactKey: Guid(c1b8ae2da1c993f4e9d27a3fe2b23ba6) Importer(815301076,1909f56bfc062723c751e8b465ee728b)
Start importing Assets/OfficeInteriors/Src/scene4/Materials/WoodFine0044_9_S.mat using Guid(c1b8ae2da1c993f4e9d27a3fe2b23ba6) Importer(815301076,1909f56bfc062723c751e8b465ee728b)  -> (artifact id: '3ee3bbb8ddd72c0ba6ee63b2aa843df9') in 0.011512 seconds 
========================================================================
Received Import Request.
  Time since last request: 0.065397 seconds.
  path: Assets/OfficeInteriors/Src/scene3/Materials/WoodFine0031_19_S.mat
  artifactKey: Guid(dd68caf1e9b6c4146950109ebefc13f1) Importer(815301076,1909f56bfc062723c751e8b465ee728b)
Start importing Assets/OfficeInteriors/Src/scene3/Materials/WoodFine0031_19_S.mat using Guid(dd68caf1e9b6c4146950109ebefc13f1) Importer(815301076,1909f56bfc062723c751e8b465ee728b)  -> (artifact id: 'd59c1e351e3b60cd293773ddd89109b9') in 0.057355 seconds 
========================================================================
Received Import Request.
  Time since last request: 0.000028 seconds.
  path: Assets/OfficeInteriors/Src/scene2/Materials/WoodFine0010_S.mat
  artifactKey: Guid(10d7c52aa946e4147a0553a6783632b2) Importer(815301076,1909f56bfc062723c751e8b465ee728b)
Start importing Assets/OfficeInteriors/Src/scene2/Materials/WoodFine0010_S.mat using Guid(10d7c52aa946e4147a0553a6783632b2) Importer(815301076,1909f56bfc062723c751e8b465ee728b)  -> (artifact id: '184822b67d967be2cfcf4c93782eb46f') in 0.065388 seconds 
========================================================================
Received Import Request.
  Time since last request: 0.000025 seconds.
  path: Assets/OfficeInteriors/Src/scene3/Materials/WoodFine0020_S.mat
  artifactKey: Guid(194accd5e997f0e4ebdffb251444c347) Importer(815301076,1909f56bfc062723c751e8b465ee728b)
Start importing Assets/OfficeInteriors/Src/scene3/Materials/WoodFine0020_S.mat using Guid(194accd5e997f0e4ebdffb251444c347) Importer(815301076,1909f56bfc062723c751e8b465ee728b)  -> (artifact id: '2526a73f7283d953f6cde7e8c90e6300') in 0.062504 seconds 
========================================================================
Received Import Request.
  Time since last request: 0.705148 seconds.
  path: Assets/OfficeInteriors/Src/scene2/Materials/windowsDoor.mat
  artifactKey: Guid(2aa3a24aa875bec4d8be6045fe1c3b7b) Importer(815301076,1909f56bfc062723c751e8b465ee728b)
Start importing Assets/OfficeInteriors/Src/scene2/Materials/windowsDoor.mat using Guid(2aa3a24aa875bec4d8be6045fe1c3b7b) Importer(815301076,1909f56bfc062723c751e8b465ee728b)  -> (artifact id: '6f7d72832835675390525b7fe09d22f3') in 0.067171 seconds 
========================================================================
Received Import Request.
  Time since last request: 0.000028 seconds.
  path: Assets/OfficeInteriors/Src/scene3/Materials/windows.mat
  artifactKey: Guid(6aa8527e46156ba4197096a12c157afd) Importer(815301076,1909f56bfc062723c751e8b465ee728b)
Start importing Assets/OfficeInteriors/Src/scene3/Materials/windows.mat using Guid(6aa8527e46156ba4197096a12c157afd) Importer(815301076,1909f56bfc062723c751e8b465ee728b)  -> (artifact id: '26b0be2dbe3020cec53c5146ca551484') in 0.059239 seconds 
========================================================================
Received Import Request.
  Time since last request: 0.306104 seconds.
  path: Assets/OfficeInteriors/Src/scene4/Materials/windows.mat
  artifactKey: Guid(7fe690853705ccf439adabdfd4004350) Importer(815301076,1909f56bfc062723c751e8b465ee728b)
Start importing Assets/OfficeInteriors/Src/scene4/Materials/windows.mat using Guid(7fe690853705ccf439adabdfd4004350) Importer(815301076,1909f56bfc062723c751e8b465ee728b)  -> (artifact id: '37658b88e24c1d6dd0d203ca784453c1') in 0.011052 seconds 
========================================================================
Received Import Request.
  Time since last request: 0.047853 seconds.
  path: Assets/OfficeInteriors/Src/scene3/Materials/vitrePorte.mat
  artifactKey: Guid(5c6091982b203114cbc634aaafe96d74) Importer(815301076,1909f56bfc062723c751e8b465ee728b)
Start importing Assets/OfficeInteriors/Src/scene3/Materials/vitrePorte.mat using Guid(5c6091982b203114cbc634aaafe96d74) Importer(815301076,1909f56bfc062723c751e8b465ee728b)  -> (artifact id: 'c15d2d1a333cc32058d1602dfea7dec2') in 0.054692 seconds 
========================================================================
Received Import Request.
  Time since last request: 0.000035 seconds.
  path: Assets/OfficeInteriors/Src/scene2/Materials/white.mat
  artifactKey: Guid(9397ff27a45ef7b4d9723c4b8a10aea1) Importer(815301076,1909f56bfc062723c751e8b465ee728b)
Start importing Assets/OfficeInteriors/Src/scene2/Materials/white.mat using Guid(9397ff27a45ef7b4d9723c4b8a10aea1) Importer(815301076,1909f56bfc062723c751e8b465ee728b)  -> (artifact id: 'dcc4c8704704a05d9aaffbcc4e0d22d2') in 0.063635 seconds 
========================================================================
Received Import Request.
  Time since last request: 0.000027 seconds.
  path: Assets/OfficeInteriors/Src/scene1/Materials/tissu3.mat
  artifactKey: Guid(02a4cd6cb2e3e774c9a3171c5374f0a0) Importer(815301076,1909f56bfc062723c751e8b465ee728b)
Start importing Assets/OfficeInteriors/Src/scene1/Materials/tissu3.mat using Guid(02a4cd6cb2e3e774c9a3171c5374f0a0) Importer(815301076,1909f56bfc062723c751e8b465ee728b)  -> (artifact id: 'cffe194cbd7e3004c8478ce3a9b5f861') in 0.014546 seconds 
========================================================================
Received Import Request.
  Time since last request: 0.000026 seconds.
  path: Assets/OfficeInteriors/Src/scene1/Materials/tissuRideau.mat
  artifactKey: Guid(b49afe030de49a048a061c5e5e9b27db) Importer(815301076,1909f56bfc062723c751e8b465ee728b)
Start importing Assets/OfficeInteriors/Src/scene1/Materials/tissuRideau.mat using Guid(b49afe030de49a048a061c5e5e9b27db) Importer(815301076,1909f56bfc062723c751e8b465ee728b)  -> (artifact id: '86c489d79c7936c98fbc4a3304d2df11') in 0.069975 seconds 
========================================================================
Received Import Request.
  Time since last request: 0.000028 seconds.
  path: Assets/Model/Maleidle.fbx
  artifactKey: Guid(4eb132bfb2c2d6642ae5769946f1bff9) Importer(815301076,1909f56bfc062723c751e8b465ee728b)
Start importing Assets/Model/Maleidle.fbx using Guid(4eb132bfb2c2d6642ae5769946f1bff9) Importer(815301076,1909f56bfc062723c751e8b465ee728b)  -> (artifact id: '6084ce2e090ca13094ae5fc19f538911') in 2.293310 seconds 
========================================================================
Received Import Request.
  Time since last request: 8.456228 seconds.
  path: Assets/Prefabs/Materials/Skull_diffuse 1.mat
  artifactKey: Guid(58b462d0e7b8f5a4f8c1876782a75658) Importer(815301076,1909f56bfc062723c751e8b465ee728b)
Start importing Assets/Prefabs/Materials/Skull_diffuse 1.mat using Guid(58b462d0e7b8f5a4f8c1876782a75658) Importer(815301076,1909f56bfc062723c751e8b465ee728b)  -> (artifact id: 'd3e8af96b872c6cc7c28f98b7edcb52a') in 0.033005 seconds 
========================================================================
Received Import Request.
  Time since last request: 0.806683 seconds.
  path: Assets/OfficeInteriors/Src/scene4/Materials/scene4.mat
  artifactKey: Guid(694a994260c6fdc4f82a4e9d30b8d2c7) Importer(815301076,1909f56bfc062723c751e8b465ee728b)
Start importing Assets/OfficeInteriors/Src/scene4/Materials/scene4.mat using Guid(694a994260c6fdc4f82a4e9d30b8d2c7) Importer(815301076,1909f56bfc062723c751e8b465ee728b)  -> (artifact id: 'cd502a77652ba9b75dfae1053f432927') in 0.037775 seconds 
========================================================================
Received Import Request.
  Time since last request: 2.583280 seconds.
  path: Assets/Prefabs/Materials/ReproductiveSystem_diffuse 1.mat
  artifactKey: Guid(9bbf48bd4ac3c4949b5307cf8fc0d9dc) Importer(815301076,1909f56bfc062723c751e8b465ee728b)
Start importing Assets/Prefabs/Materials/ReproductiveSystem_diffuse 1.mat using Guid(9bbf48bd4ac3c4949b5307cf8fc0d9dc) Importer(815301076,1909f56bfc062723c751e8b465ee728b)  -> (artifact id: '34ad46d0b73cb79d54e51a6fa14b010c') in 0.027085 seconds 
========================================================================
Received Import Request.
  Time since last request: 1.315951 seconds.
  path: Assets/OfficeInteriors/Src/scene2/Materials/pot.mat
  artifactKey: Guid(da576c504708ba847acc1641fb0a1d63) Importer(815301076,1909f56bfc062723c751e8b465ee728b)
Start importing Assets/OfficeInteriors/Src/scene2/Materials/pot.mat using Guid(da576c504708ba847acc1641fb0a1d63) Importer(815301076,1909f56bfc062723c751e8b465ee728b)  -> (artifact id: '4f5ec4c6f161de7bd9bd74bcf7eecdec') in 0.098366 seconds 
========================================================================
Received Import Request.
  Time since last request: 0.434211 seconds.
  path: Assets/OfficeInteriors/Src/scene4/Materials/plasticTransparent.mat
  artifactKey: Guid(263a010ddd77459419df3b47edcfd8a9) Importer(815301076,1909f56bfc062723c751e8b465ee728b)
Start importing Assets/OfficeInteriors/Src/scene4/Materials/plasticTransparent.mat using Guid(263a010ddd77459419df3b47edcfd8a9) Importer(815301076,1909f56bfc062723c751e8b465ee728b)  -> (artifact id: 'ec18d539f1d2ee4f83768811e2549367') in 0.008651 seconds 
========================================================================
Received Import Request.
  Time since last request: 0.552257 seconds.
  path: Assets/OfficeInteriors/Src/scene2/Materials/plasticNoir.mat
  artifactKey: Guid(ed1ba11e6964e2c4db479fc75bb1b30f) Importer(815301076,1909f56bfc062723c751e8b465ee728b)
Start importing Assets/OfficeInteriors/Src/scene2/Materials/plasticNoir.mat using Guid(ed1ba11e6964e2c4db479fc75bb1b30f) Importer(815301076,1909f56bfc062723c751e8b465ee728b)  -> (artifact id: '5b4710b9788c1c82c6168b0795a99f5b') in 0.065599 seconds 
========================================================================
Received Import Request.
  Time since last request: 0.000030 seconds.
  path: Assets/HorrorEnvironment_Hospital/Materials/Walls&Floors/plasterWall_A.mat
  artifactKey: Guid(611c43a420bdbe641b986666ce80c4ca) Importer(815301076,1909f56bfc062723c751e8b465ee728b)
Start importing Assets/HorrorEnvironment_Hospital/Materials/Walls&Floors/plasterWall_A.mat using Guid(611c43a420bdbe641b986666ce80c4ca) Importer(815301076,1909f56bfc062723c751e8b465ee728b)  -> (artifact id: 'c54cf64933f6930c46b6f3c828795556') in 0.104551 seconds 
========================================================================
Received Import Request.
  Time since last request: 0.359394 seconds.
  path: Assets/HorrorEnvironment_Hospital/Materials/Props/picture_D.mat
  artifactKey: Guid(55d9c2ece9fc555448fe73480be722c4) Importer(815301076,1909f56bfc062723c751e8b465ee728b)
Start importing Assets/HorrorEnvironment_Hospital/Materials/Props/picture_D.mat using Guid(55d9c2ece9fc555448fe73480be722c4) Importer(815301076,1909f56bfc062723c751e8b465ee728b)  -> (artifact id: 'f5e37991529d37a2d31d636c104ce328') in 0.009046 seconds 
========================================================================
Received Import Request.
  Time since last request: 0.000028 seconds.
  path: Assets/HorrorEnvironment_Hospital/Materials/Props/picture_C.mat
  artifactKey: Guid(d953b998ddb42aa4da486baf3218b0f1) Importer(815301076,1909f56bfc062723c751e8b465ee728b)
Start importing Assets/HorrorEnvironment_Hospital/Materials/Props/picture_C.mat using Guid(d953b998ddb42aa4da486baf3218b0f1) Importer(815301076,1909f56bfc062723c751e8b465ee728b)  -> (artifact id: 'f73e7b4fe6e7132dabda6da659439c41') in 0.012521 seconds 
========================================================================
Received Import Request.
  Time since last request: 0.028532 seconds.
  path: Assets/OfficeInteriors/Src/scene2/Materials/phone.mat
  artifactKey: Guid(89c5d4e13080e5e448296354fdb66b3f) Importer(815301076,1909f56bfc062723c751e8b465ee728b)
Start importing Assets/OfficeInteriors/Src/scene2/Materials/phone.mat using Guid(89c5d4e13080e5e448296354fdb66b3f) Importer(815301076,1909f56bfc062723c751e8b465ee728b)  -> (artifact id: '2db6600f4a65d30e6c64b72a8f1b5d4f') in 0.077828 seconds 
========================================================================
Received Import Request.
  Time since last request: 0.000028 seconds.
  path: Assets/OfficeInteriors/Src/scene4/Materials/phone.mat
  artifactKey: Guid(6ddd96445d455a94f9eed3d0ffe14451) Importer(815301076,1909f56bfc062723c751e8b465ee728b)
Start importing Assets/OfficeInteriors/Src/scene4/Materials/phone.mat using Guid(6ddd96445d455a94f9eed3d0ffe14451) Importer(815301076,1909f56bfc062723c751e8b465ee728b)  -> (artifact id: 'c018fd16591a473f8c8ea780f6d5ed20') in 0.011800 seconds 
========================================================================
Received Import Request.
  Time since last request: 0.000033 seconds.
  path: Assets/OfficeInteriors/Src/scene1/Materials/peinture4.mat
  artifactKey: Guid(f34bfd220bcec184aac9ccd5d41ce862) Importer(815301076,1909f56bfc062723c751e8b465ee728b)
Start importing Assets/OfficeInteriors/Src/scene1/Materials/peinture4.mat using Guid(f34bfd220bcec184aac9ccd5d41ce862) Importer(815301076,1909f56bfc062723c751e8b465ee728b)  -> (artifact id: 'c5d8155c95c3d3bf0f83fb5e5094e822') in 0.073397 seconds 
========================================================================
Received Import Request.
  Time since last request: 0.000025 seconds.
  path: Assets/ScreenLogger/Example/Models/Materials/No Name.mat
  artifactKey: Guid(c8b636c1036a14d418d626a222e3c59a) Importer(815301076,1909f56bfc062723c751e8b465ee728b)
Start importing Assets/ScreenLogger/Example/Models/Materials/No Name.mat using Guid(c8b636c1036a14d418d626a222e3c59a) Importer(815301076,1909f56bfc062723c751e8b465ee728b)  -> (artifact id: '75c0115b2ae7f853ea430de82110d349') in 0.010068 seconds 
========================================================================
Received Import Request.
  Time since last request: 0.000038 seconds.
  path: Assets/OfficeInteriors/Src/scene1/Materials/peinture2.mat
  artifactKey: Guid(5c356247fb06d72479148891c5d24452) Importer(815301076,1909f56bfc062723c751e8b465ee728b)
Start importing Assets/OfficeInteriors/Src/scene1/Materials/peinture2.mat using Guid(5c356247fb06d72479148891c5d24452) Importer(815301076,1909f56bfc062723c751e8b465ee728b)  -> (artifact id: '583e5bf758c892c63ef8e9001d509280') in 0.075609 seconds 
========================================================================
Received Import Request.
  Time since last request: 0.000031 seconds.
  path: Assets/OfficeInteriors/Src/scene3/Materials/noise 1.mat
  artifactKey: Guid(e1c5ccf909f3ce74b900f12517bc9691) Importer(815301076,1909f56bfc062723c751e8b465ee728b)
Start importing Assets/OfficeInteriors/Src/scene3/Materials/noise 1.mat using Guid(e1c5ccf909f3ce74b900f12517bc9691) Importer(815301076,1909f56bfc062723c751e8b465ee728b)  -> (artifact id: '8771e747df3117942ac2033a02a9568c') in 0.064943 seconds 
========================================================================
Received Import Request.
  Time since last request: 0.323326 seconds.
  path: Assets/Plugins/Wolf3D Ready Player Me SDK/Resources/AnimationTargets/MaleAnimationTargetV2.fbx
  artifactKey: Guid(60fc92d6f342ba147a9feaf3ae587168) Importer(815301076,1909f56bfc062723c751e8b465ee728b)
Start importing Assets/Plugins/Wolf3D Ready Player Me SDK/Resources/AnimationTargets/MaleAnimationTargetV2.fbx using Guid(60fc92d6f342ba147a9feaf3ae587168) Importer(815301076,1909f56bfc062723c751e8b465ee728b)  -> (artifact id: '9894ebe85e6425c8f3e19d9439110cdd') in 0.045425 seconds 
========================================================================
Received Import Request.
  Time since last request: 0.032592 seconds.
  path: Assets/Prefabs/Materials/Nervous_Cerebrum_Multicolor3.mat
  artifactKey: Guid(7ffe13343ed85ce4ea2753c89da2ef23) Importer(815301076,1909f56bfc062723c751e8b465ee728b)
Start importing Assets/Prefabs/Materials/Nervous_Cerebrum_Multicolor3.mat using Guid(7ffe13343ed85ce4ea2753c89da2ef23) Importer(815301076,1909f56bfc062723c751e8b465ee728b)  -> (artifact id: '5bed9e4c02a40c903d3435e46d0b79e7') in 0.008632 seconds 
========================================================================
Received Import Request.
  Time since last request: 0.387094 seconds.
  path: Assets/_Creepy_Cat/_3D Showroom Level Kit Vol 2/_Meshes/Materials/Neon_02.mat
  artifactKey: Guid(666c91da462834af1887f8c86018afd1) Importer(815301076,1909f56bfc062723c751e8b465ee728b)
Start importing Assets/_Creepy_Cat/_3D Showroom Level Kit Vol 2/_Meshes/Materials/Neon_02.mat using Guid(666c91da462834af1887f8c86018afd1) Importer(815301076,1909f56bfc062723c751e8b465ee728b)  -> (artifact id: 'b875b0fba1dbbe27a10c9a22003b8ecb') in 0.024513 seconds 
========================================================================
Received Import Request.
  Time since last request: 0.029812 seconds.
  path: Assets/OfficeInteriors/Src/scene1/Materials/mur_vert.mat
  artifactKey: Guid(1762db2a2a91bb24dbc5797e9b96ce37) Importer(815301076,1909f56bfc062723c751e8b465ee728b)
Start importing Assets/OfficeInteriors/Src/scene1/Materials/mur_vert.mat using Guid(1762db2a2a91bb24dbc5797e9b96ce37) Importer(815301076,1909f56bfc062723c751e8b465ee728b)  -> (artifact id: '3c611bb22ed72798bdfa1ed5a6f9ea3c') in 0.066576 seconds 
========================================================================
Received Import Request.
  Time since last request: 0.246062 seconds.
  path: Assets/OfficeInteriors/Src/scene2/Materials/mobilier_bois.mat
  artifactKey: Guid(074c0a6536f1a2a46b08b662724b5e76) Importer(815301076,1909f56bfc062723c751e8b465ee728b)
Start importing Assets/OfficeInteriors/Src/scene2/Materials/mobilier_bois.mat using Guid(074c0a6536f1a2a46b08b662724b5e76) Importer(815301076,1909f56bfc062723c751e8b465ee728b)  -> (artifact id: 'd36474d8fc2ad4699dc100bb007ad804') in 0.081170 seconds 
========================================================================
Received Import Request.
  Time since last request: 0.000036 seconds.
  path: Assets/OfficeInteriors/Src/scene4/Materials/mobilier_bois.mat
  artifactKey: Guid(95378d3311e13cc458361f17b8824326) Importer(815301076,1909f56bfc062723c751e8b465ee728b)
Start importing Assets/OfficeInteriors/Src/scene4/Materials/mobilier_bois.mat using Guid(95378d3311e13cc458361f17b8824326) Importer(815301076,1909f56bfc062723c751e8b465ee728b)  -> (artifact id: 'e85926b394e401a6cd2de54770c2b605') in 0.012118 seconds 
========================================================================
Received Import Request.
  Time since last request: 0.000032 seconds.
  path: Assets/OfficeInteriors/Src/scene1/Materials/meuble_aluBrosse.mat
  artifactKey: Guid(d38a8f6a1cb72ec40acde01256b73fde) Importer(815301076,1909f56bfc062723c751e8b465ee728b)
Start importing Assets/OfficeInteriors/Src/scene1/Materials/meuble_aluBrosse.mat using Guid(d38a8f6a1cb72ec40acde01256b73fde) Importer(815301076,1909f56bfc062723c751e8b465ee728b)  -> (artifact id: '940781b4260e55711b1ea310959c6217') in 0.077914 seconds 
========================================================================
Received Import Request.
  Time since last request: 0.224975 seconds.
  path: Assets/HorrorEnvironment_Hospital/Materials/Props/medical_furniture_cm.mat
  artifactKey: Guid(e9c1b66cb58c42c49824c6ddef9d3c53) Importer(815301076,1909f56bfc062723c751e8b465ee728b)
Start importing Assets/HorrorEnvironment_Hospital/Materials/Props/medical_furniture_cm.mat using Guid(e9c1b66cb58c42c49824c6ddef9d3c53) Importer(815301076,1909f56bfc062723c751e8b465ee728b)  -> (artifact id: '78aaa5e10472bf44173ee0c246a4ad14') in 0.068411 seconds 
========================================================================
Received Import Request.
  Time since last request: 6.615348 seconds.
  path: Assets/OfficeInteriors/Src/scene4/Materials/logo.mat
  artifactKey: Guid(4c1a83c4e7713f2408c553267f6c21d6) Importer(815301076,1909f56bfc062723c751e8b465ee728b)
Start importing Assets/OfficeInteriors/Src/scene4/Materials/logo.mat using Guid(4c1a83c4e7713f2408c553267f6c21d6) Importer(815301076,1909f56bfc062723c751e8b465ee728b)  -> (artifact id: 'b68121f46b0c98fc1ad644fa82c82c2a') in 0.008673 seconds 
========================================================================
Received Import Request.
  Time since last request: 0.043390 seconds.
  path: Assets/_Creepy_Cat/_3D Showroom Level Kit Vol 2/_Textures/Materials/Logo.mat
  artifactKey: Guid(23ae3a2721d394b40ac34598b85f4efc) Importer(815301076,1909f56bfc062723c751e8b465ee728b)
Start importing Assets/_Creepy_Cat/_3D Showroom Level Kit Vol 2/_Textures/Materials/Logo.mat using Guid(23ae3a2721d394b40ac34598b85f4efc) Importer(815301076,1909f56bfc062723c751e8b465ee728b)  -> (artifact id: 'b9f03093238a163814e6cf30601a24dc') in 0.160980 seconds 
========================================================================
Received Import Request.
  Time since last request: 8.131623 seconds.
  path: Assets/TextMesh Pro/Examples & Extras/Resources/Fonts & Materials/LiberationSans SDF - Soft Mask.mat
  artifactKey: Guid(42df1c7856584b6b8db9a509b6b10074) Importer(815301076,1909f56bfc062723c751e8b465ee728b)
Start importing Assets/TextMesh Pro/Examples & Extras/Resources/Fonts & Materials/LiberationSans SDF - Soft Mask.mat using Guid(42df1c7856584b6b8db9a509b6b10074) Importer(815301076,1909f56bfc062723c751e8b465ee728b)  -> (artifact id: '709e96a7aa78abd046880ef032a02787') in 0.028850 seconds 
========================================================================
Received Import Request.
  Time since last request: 6.855046 seconds.
  path: Assets/HorrorEnvironment_Hospital/Materials/Props/hospitalFurnitureMat.mat
  artifactKey: Guid(0acf6535c943020419146deb54e176e7) Importer(815301076,1909f56bfc062723c751e8b465ee728b)
Start importing Assets/HorrorEnvironment_Hospital/Materials/Props/hospitalFurnitureMat.mat using Guid(0acf6535c943020419146deb54e176e7) Importer(815301076,1909f56bfc062723c751e8b465ee728b)  -> (artifact id: 'b96edeb6b23010f0cb7a6d0c80da72df') in 0.052487 seconds 
========================================================================
Received Import Request.
  Time since last request: 0.522336 seconds.
  path: Assets/Prefabs/Materials/Head_diffuse 1.mat
  artifactKey: Guid(8c8eaba45829aeb4a899ce305b592435) Importer(815301076,1909f56bfc062723c751e8b465ee728b)
Start importing Assets/Prefabs/Materials/Head_diffuse 1.mat using Guid(8c8eaba45829aeb4a899ce305b592435) Importer(815301076,1909f56bfc062723c751e8b465ee728b)  -> (artifact id: '0d44c9e1aa52697cd52398cef966e56d') in 0.014746 seconds 
========================================================================
Received Import Request.
  Time since last request: 1.655696 seconds.
  path: Assets/Photon/Fusion/Scripts/Prototyping/Materials/FusionPrototypeMaterialRed.mat
  artifactKey: Guid(42b24d338df372049a18bd257e6bc550) Importer(815301076,1909f56bfc062723c751e8b465ee728b)
Start importing Assets/Photon/Fusion/Scripts/Prototyping/Materials/FusionPrototypeMaterialRed.mat using Guid(42b24d338df372049a18bd257e6bc550) Importer(815301076,1909f56bfc062723c751e8b465ee728b)  -> (artifact id: '6f2381c1c9c9221b3f4349b559aa82aa') in 0.009732 seconds 
========================================================================
Received Import Request.
  Time since last request: 0.026526 seconds.
  path: Assets/Photon/Fusion/Scripts/Prototyping/Materials/FusionPrototypeMaterialGreen.mat
  artifactKey: Guid(8f9372f58500a3f46ba541ea24e6d105) Importer(815301076,1909f56bfc062723c751e8b465ee728b)
Start importing Assets/Photon/Fusion/Scripts/Prototyping/Materials/FusionPrototypeMaterialGreen.mat using Guid(8f9372f58500a3f46ba541ea24e6d105) Importer(815301076,1909f56bfc062723c751e8b465ee728b)  -> (artifact id: 'dcd95851e742416edcffc82e2b63e651') in 0.010750 seconds 
========================================================================
Received Import Request.
  Time since last request: 0.031270 seconds.
  path: Assets/Photon/Fusion/Scripts/Prototyping/Materials/FusionPrototypeMaterialBall.mat
  artifactKey: Guid(3dcabcbc2cd009d4bac7889f284c6345) Importer(815301076,1909f56bfc062723c751e8b465ee728b)
Start importing Assets/Photon/Fusion/Scripts/Prototyping/Materials/FusionPrototypeMaterialBall.mat using Guid(3dcabcbc2cd009d4bac7889f284c6345) Importer(815301076,1909f56bfc062723c751e8b465ee728b)  -> (artifact id: '4233d462ef3ebf316b3ab9aec8c24063') in 0.012565 seconds 
========================================================================
Received Import Request.
  Time since last request: 0.032043 seconds.
  path: Assets/_Creepy_Cat/_3D Showroom Level Kit Vol 2/_Font/ufonts.com_chinocapsssk.ttf
  artifactKey: Guid(26a92c33df0c24e3c9a75d9594f9cd5f) Importer(815301076,1909f56bfc062723c751e8b465ee728b)
Start importing Assets/_Creepy_Cat/_3D Showroom Level Kit Vol 2/_Font/ufonts.com_chinocapsssk.ttf using Guid(26a92c33df0c24e3c9a75d9594f9cd5f) Importer(815301076,1909f56bfc062723c751e8b465ee728b)  -> (artifact id: 'f4734e5d1e86ed4bc9a5e145d1d96f92') in 0.024026 seconds 
========================================================================
Received Import Request.
  Time since last request: 0.036445 seconds.
  path: Assets/HorrorEnvironment_Hospital/Materials/Walls&Floors/floorTiles_A.mat
  artifactKey: Guid(2b09a466787c0a04691c9587224c2cc3) Importer(815301076,1909f56bfc062723c751e8b465ee728b)
Start importing Assets/HorrorEnvironment_Hospital/Materials/Walls&Floors/floorTiles_A.mat using Guid(2b09a466787c0a04691c9587224c2cc3) Importer(815301076,1909f56bfc062723c751e8b465ee728b)  -> (artifact id: 'e15e2b044a4009442ea57bd60182a8d3') in 0.016120 seconds 
========================================================================
Received Import Request.
  Time since last request: 0.028415 seconds.
  path: Assets/OfficeInteriors/Src/scene4/Materials/ExteriorWindow.mat
  artifactKey: Guid(b340ce6ced8884445bc34e3c522e4920) Importer(815301076,1909f56bfc062723c751e8b465ee728b)
Start importing Assets/OfficeInteriors/Src/scene4/Materials/ExteriorWindow.mat using Guid(b340ce6ced8884445bc34e3c522e4920) Importer(815301076,1909f56bfc062723c751e8b465ee728b)  -> (artifact id: '766f0ac5231e06ec88246343ed44bc8a') in 0.010349 seconds 
========================================================================
Received Import Request.
  Time since last request: 0.389855 seconds.
  path: Assets/HorrorEnvironment_Hospital/Materials/Elevator/elevatorMat.mat
  artifactKey: Guid(e34d21c942e8ae34495c4d63ce025da7) Importer(815301076,1909f56bfc062723c751e8b465ee728b)
Start importing Assets/HorrorEnvironment_Hospital/Materials/Elevator/elevatorMat.mat using Guid(e34d21c942e8ae34495c4d63ce025da7) Importer(815301076,1909f56bfc062723c751e8b465ee728b)  -> (artifact id: 'abcb4368024f6a27a1ed7305369aa0d5') in 0.021500 seconds 
========================================================================
Received Import Request.
  Time since last request: 0.000031 seconds.
  path: Assets/TextMesh Pro/Examples & Extras/Resources/Fonts & Materials/Electronic Highway Sign SDF.asset
  artifactKey: Guid(dc36b3fdc14f47ebb36fd484a67e268a) Importer(815301076,1909f56bfc062723c751e8b465ee728b)
Start importing Assets/TextMesh Pro/Examples & Extras/Resources/Fonts & Materials/Electronic Highway Sign SDF.asset using Guid(dc36b3fdc14f47ebb36fd484a67e268a) Importer(815301076,1909f56bfc062723c751e8b465ee728b)  -> (artifact id: '7b70ce7a515c46b8122e36380f59fb1d') in 0.023919 seconds 
========================================================================
Received Import Request.
  Time since last request: 0.033492 seconds.
  path: Assets/HorrorEnvironment_Hospital/Materials/Misc/dummyLight 1.mat
  artifactKey: Guid(5b26e4b704174a944bedbbccf8c3b0f0) Importer(815301076,1909f56bfc062723c751e8b465ee728b)
Start importing Assets/HorrorEnvironment_Hospital/Materials/Misc/dummyLight 1.mat using Guid(5b26e4b704174a944bedbbccf8c3b0f0) Importer(815301076,1909f56bfc062723c751e8b465ee728b)  -> (artifact id: 'd5f883e723beb777925ccd5e5408a801') in 0.094887 seconds 
========================================================================
Received Import Request.
  Time since last request: 0.023584 seconds.
  path: Assets/HorrorEnvironment_Hospital/Materials/Doors/doors_C.mat
  artifactKey: Guid(ce9e0e837fe92eb4c8689ca26e010363) Importer(815301076,1909f56bfc062723c751e8b465ee728b)
Start importing Assets/HorrorEnvironment_Hospital/Materials/Doors/doors_C.mat using Guid(ce9e0e837fe92eb4c8689ca26e010363) Importer(815301076,1909f56bfc062723c751e8b465ee728b)  -> (artifact id: '86358d6daf4d87c3924aac56b9f5cb2e') in 0.014346 seconds 
========================================================================
Received Import Request.
  Time since last request: 0.466372 seconds.
  path: Assets/OfficeInteriors/Src/scene4/Materials/diffuseMurblue.mat
  artifactKey: Guid(5314d1a1bbdb0b740a7ad709978fde43) Importer(815301076,1909f56bfc062723c751e8b465ee728b)
Start importing Assets/OfficeInteriors/Src/scene4/Materials/diffuseMurblue.mat using Guid(5314d1a1bbdb0b740a7ad709978fde43) Importer(815301076,1909f56bfc062723c751e8b465ee728b)  -> (artifact id: 'b337147b2790545ac12af753b37416de') in 0.009562 seconds 
========================================================================
Received Import Request.
  Time since last request: 0.000027 seconds.
  path: Assets/_Creepy_Cat/_3D Showroom Level Kit Vol 2/_Meshes/Materials/Diffuse_03_Dif.mat
  artifactKey: Guid(558b5bdfb70cb448283d1ebecfefdd8f) Importer(815301076,1909f56bfc062723c751e8b465ee728b)
Start importing Assets/_Creepy_Cat/_3D Showroom Level Kit Vol 2/_Meshes/Materials/Diffuse_03_Dif.mat using Guid(558b5bdfb70cb448283d1ebecfefdd8f) Importer(815301076,1909f56bfc062723c751e8b465ee728b)  -> (artifact id: '2698c061037cba5ba5e2383053556fdd') in 0.231657 seconds 
========================================================================
Received Import Request.
  Time since last request: 0.000040 seconds.
  path: Assets/Prefabs/Materials/Circulatory_Veins.mat
  artifactKey: Guid(1fd1695d4e40342489c2d8896b320139) Importer(815301076,1909f56bfc062723c751e8b465ee728b)
Start importing Assets/Prefabs/Materials/Circulatory_Veins.mat using Guid(1fd1695d4e40342489c2d8896b320139) Importer(815301076,1909f56bfc062723c751e8b465ee728b)  -> (artifact id: '160f2bfddcaf253d63e345970df6695d') in 0.009143 seconds 
========================================================================
Received Import Request.
  Time since last request: 0.000032 seconds.
  path: Assets/TextMesh Pro/Examples & Extras/Materials/Crate - Surface Shader Scene.mat
  artifactKey: Guid(e6b9b44320f4448d9d5e0ee634259966) Importer(815301076,1909f56bfc062723c751e8b465ee728b)
Start importing Assets/TextMesh Pro/Examples & Extras/Materials/Crate - Surface Shader Scene.mat using Guid(e6b9b44320f4448d9d5e0ee634259966) Importer(815301076,1909f56bfc062723c751e8b465ee728b)  -> (artifact id: '9fb75e595cf2cffd6327230ba046bcd4') in 0.126115 seconds 
========================================================================
Received Import Request.
  Time since last request: 0.000020 seconds.
  path: Assets/ScreenLogger/Example/Materials/CheckerMaterial.mat
  artifactKey: Guid(888f526cf4c0c9040bf022c4061c571b) Importer(815301076,1909f56bfc062723c751e8b465ee728b)
Start importing Assets/ScreenLogger/Example/Materials/CheckerMaterial.mat using Guid(888f526cf4c0c9040bf022c4061c571b) Importer(815301076,1909f56bfc062723c751e8b465ee728b)  -> (artifact id: '9db7def1a653c503d33291d57303abde') in 0.012381 seconds 
========================================================================
Received Import Request.
  Time since last request: 0.000025 seconds.
  path: Assets/OfficeInteriors/Src/scene1/Materials/Carpet.mat
  artifactKey: Guid(9c5e7bf5fbb93ea4892910788908d7b9) Importer(815301076,1909f56bfc062723c751e8b465ee728b)
Start importing Assets/OfficeInteriors/Src/scene1/Materials/Carpet.mat using Guid(9c5e7bf5fbb93ea4892910788908d7b9) Importer(815301076,1909f56bfc062723c751e8b465ee728b)  -> (artifact id: '32310dcf21f6b97a3115e7873be48f36') in 0.059004 seconds 
========================================================================
Received Import Request.
  Time since last request: 0.179908 seconds.
  path: Assets/OfficeInteriors/Src/scene3/Materials/Buttons0060_S.mat
  artifactKey: Guid(bd60a04e9012a464a9d0af4e98f38350) Importer(815301076,1909f56bfc062723c751e8b465ee728b)
Start importing Assets/OfficeInteriors/Src/scene3/Materials/Buttons0060_S.mat using Guid(bd60a04e9012a464a9d0af4e98f38350) Importer(815301076,1909f56bfc062723c751e8b465ee728b)  -> (artifact id: '4cde250a52efec618dd68845eb6edb86') in 0.065095 seconds 
========================================================================
Received Import Request.
  Time since last request: 0.871436 seconds.
  path: Assets/TextMesh Pro/Examples & Extras/Resources/Fonts & Materials/Bangers SDF.asset
  artifactKey: Guid(125cb55b44b24c4393181402bc6200e6) Importer(815301076,1909f56bfc062723c751e8b465ee728b)
Start importing Assets/TextMesh Pro/Examples & Extras/Resources/Fonts & Materials/Bangers SDF.asset using Guid(125cb55b44b24c4393181402bc6200e6) Importer(815301076,1909f56bfc062723c751e8b465ee728b)  -> (artifact id: '32f368bd4d2eede90277f851c49a4f2b') in 0.017098 seconds 
========================================================================
Received Import Request.
  Time since last request: 0.535159 seconds.
  path: Assets/TextMesh Pro/Examples & Extras/Resources/Fonts & Materials/Anton SDF - Drop Shadow.mat
  artifactKey: Guid(749b9069dc4742c5bfa5c74644049926) Importer(815301076,1909f56bfc062723c751e8b465ee728b)
Start importing Assets/TextMesh Pro/Examples & Extras/Resources/Fonts & Materials/Anton SDF - Drop Shadow.mat using Guid(749b9069dc4742c5bfa5c74644049926) Importer(815301076,1909f56bfc062723c751e8b465ee728b)  -> (artifact id: 'bca51a8643ac80397abd00a18f9820d6') in 0.015904 seconds 
========================================================================
Received Import Request.
  Time since last request: 0.025382 seconds.
  path: Assets/OfficeInteriors/Src/scene4/Materials/alu.mat
  artifactKey: Guid(726c9e8d919a2d348b8094cd94e309da) Importer(815301076,1909f56bfc062723c751e8b465ee728b)
Start importing Assets/OfficeInteriors/Src/scene4/Materials/alu.mat using Guid(726c9e8d919a2d348b8094cd94e309da) Importer(815301076,1909f56bfc062723c751e8b465ee728b)  -> (artifact id: '009b6a504006a6979fe9eec6bdf8d306') in 0.011273 seconds 
========================================================================
Received Import Request.
  Time since last request: 0.361955 seconds.
  path: Assets/Skybox/Space_AnotherPlanet/Materials/AllSky_Space_AnotherPlanet Equirect.mat
  artifactKey: Guid(d5c5e2835d11a4240a8cbca2b6d84234) Importer(815301076,1909f56bfc062723c751e8b465ee728b)
Start importing Assets/Skybox/Space_AnotherPlanet/Materials/AllSky_Space_AnotherPlanet Equirect.mat using Guid(d5c5e2835d11a4240a8cbca2b6d84234) Importer(815301076,1909f56bfc062723c751e8b465ee728b)  -> (artifact id: '2de825043f9fe3d95ac8debd5b2eb4b1') in 0.027291 seconds 
========================================================================
Received Import Request.
  Time since last request: 0.000034 seconds.
  path: Assets/OfficeInteriors/Src/scene4/Materials/18 - Default.mat
  artifactKey: Guid(54ea8df8f13d8934590ad53e4c91f857) Importer(815301076,1909f56bfc062723c751e8b465ee728b)
Start importing Assets/OfficeInteriors/Src/scene4/Materials/18 - Default.mat using Guid(54ea8df8f13d8934590ad53e4c91f857) Importer(815301076,1909f56bfc062723c751e8b465ee728b)  -> (artifact id: '1d79756469a2475147ad248e08e932c4') in 0.008784 seconds 
========================================================================
Received Import Request.
  Time since last request: 0.000049 seconds.
  path: Assets/OfficeInteriors/Src/scene4/Materials/24 - Default.mat
  artifactKey: Guid(4640660bb2a053740ab0a1bc61d47658) Importer(815301076,1909f56bfc062723c751e8b465ee728b)
Start importing Assets/OfficeInteriors/Src/scene4/Materials/24 - Default.mat using Guid(4640660bb2a053740ab0a1bc61d47658) Importer(815301076,1909f56bfc062723c751e8b465ee728b)  -> (artifact id: '0270635550f3f36c25384fc4f3b538cf') in 0.009335 seconds 
Editor requested this worker to shutdown with reason: Scaling down because of idle timeout
AssetImportWorker is now disconnected from the server
Process exiting
Exiting without the bug reporter. Application will terminate with return code 0