Using pre-set license
Built from '2021.3/china_unity/release' branch; Version is '2021.3.9f1c1 (0fa35b602de1) revision 1024859'; Using compiler version '192829333'; Build Type 'Release'
OS: 'Windows 11  (10.0.22000) 64bit CoreCountrySpecific' Language: 'zh' Physical Memory: 16108 MB
BatchMode: 1, IsHumanControllingUs: 0, StartBugReporterOnCrash: 0, Is64bit: 1, IsPro: 1

COMMAND LINE ARGUMENTS:
D:\Program Files\Unity\Hub\Editor\2021.3.9f1c1\Editor\Unity.exe
-adb2
-batchMode
-noUpm
-name
AssetImportWorker6
-projectPath
D:/programming/unity/VR-edu/VR-edu
-logFile
Logs/AssetImportWorker6.log
-srvPort
50571
Successfully changed project path to: D:/programming/unity/VR-edu/VR-edu
D:/programming/unity/VR-edu/VR-edu
[UnityMemory] Configuration Parameters - Can be set up in boot.config
    "memorysetup-bucket-allocator-granularity=16"
    "memorysetup-bucket-allocator-bucket-count=8"
    "memorysetup-bucket-allocator-block-size=33554432"
    "memorysetup-bucket-allocator-block-count=8"
    "memorysetup-main-allocator-block-size=16777216"
    "memorysetup-thread-allocator-block-size=16777216"
    "memorysetup-gfx-main-allocator-block-size=16777216"
    "memorysetup-gfx-thread-allocator-block-size=16777216"
    "memorysetup-cache-allocator-block-size=4194304"
    "memorysetup-typetree-allocator-block-size=2097152"
    "memorysetup-profiler-bucket-allocator-granularity=16"
    "memorysetup-profiler-bucket-allocator-bucket-count=8"
    "memorysetup-profiler-bucket-allocator-block-size=33554432"
    "memorysetup-profiler-bucket-allocator-block-count=8"
    "memorysetup-profiler-allocator-block-size=16777216"
    "memorysetup-profiler-editor-allocator-block-size=1048576"
    "memorysetup-temp-allocator-size-main=16777216"
    "memorysetup-job-temp-allocator-block-size=2097152"
    "memorysetup-job-temp-allocator-block-size-background=1048576"
    "memorysetup-job-temp-allocator-reduction-small-platforms=262144"
    "memorysetup-temp-allocator-size-background-worker=32768"
    "memorysetup-temp-allocator-size-job-worker=262144"
    "memorysetup-temp-allocator-size-preload-manager=33554432"
    "memorysetup-temp-allocator-size-nav-mesh-worker=65536"
    "memorysetup-temp-allocator-size-audio-worker=65536"
    "memorysetup-temp-allocator-size-cloud-worker=32768"
    "memorysetup-temp-allocator-size-gi-baking-worker=262144"
    "memorysetup-temp-allocator-size-gfx=262144"
AS: AutoStreaming module initializing.
Refreshing native plugins compatible for Editor in 89.84 ms, found 7 plugins.
Preloading 1 native plugins for Editor in 1.21 ms.
Initialize engine version: 2021.3.9f1c1 (0fa35b602de1)
[Subsystems] Discovering subsystems at path D:/Program Files/Unity/Hub/Editor/2021.3.9f1c1/Editor/Data/Resources/UnitySubsystems
[Subsystems] Discovering subsystems at path D:/programming/unity/VR-edu/VR-edu/Assets
GfxDevice: creating device client; threaded=0; jobified=0
Direct3D:
    Version:  Direct3D 11.0 [level 11.1]
    Renderer: NVIDIA GeForce RTX 3050 Ti Laptop GPU (ID=0x25e0)
    Vendor:   NVIDIA
    VRAM:     3990 MB
    Driver:   31.0.15.1700
Initialize mono
Mono path[0] = 'D:/Program Files/Unity/Hub/Editor/2021.3.9f1c1/Editor/Data/Managed'
Mono path[1] = 'D:/Program Files/Unity/Hub/Editor/2021.3.9f1c1/Editor/Data/MonoBleedingEdge/lib/mono/unityjit-win32'
Mono config path = 'D:/Program Files/Unity/Hub/Editor/2021.3.9f1c1/Editor/Data/MonoBleedingEdge/etc'
Using monoOptions --debugger-agent=transport=dt_socket,embedding=1,server=y,suspend=n,address=127.0.0.1:56092
Begin MonoManager ReloadAssembly
Registering precompiled unity dll's ...
Register platform support module: D:/Program Files/Unity/Hub/Editor/2021.3.9f1c1/Editor/Data/PlaybackEngines/AndroidPlayer/UnityEditor.Android.Extensions.dll
Register platform support module: D:/Program Files/Unity/Hub/Editor/2021.3.9f1c1/Editor/Data/PlaybackEngines/WindowsStandaloneSupport/UnityEditor.WindowsStandalone.Extensions.dll
Register platform support module: D:/Program Files/Unity/Hub/Editor/2021.3.9f1c1/Editor/Data/PlaybackEngines/MetroSupport/UnityEditor.UWP.Extensions.dll
Registered in 0.002925 seconds.
Native extension for UWP target not found
Native extension for WindowsStandalone target not found
Native extension for Android target not found
Refreshing native plugins compatible for Editor in 67.82 ms, found 7 plugins.
Preloading 1 native plugins for Editor in 0.11 ms.
Mono: successfully reloaded assembly
- Completed reload, in  0.482 seconds
Domain Reload Profiling:
	ReloadAssembly (482ms)
		BeginReloadAssembly (59ms)
			ExecutionOrderSort (0ms)
			DisableScriptedObjects (0ms)
			BackupInstance (0ms)
			ReleaseScriptingObjects (0ms)
			CreateAndSetChildDomain (1ms)
		EndReloadAssembly (343ms)
			LoadAssemblies (57ms)
			RebuildTransferFunctionScriptingTraits (0ms)
			SetupTypeCache (70ms)
			ReleaseScriptCaches (0ms)
			RebuildScriptCaches (21ms)
			SetupLoadedEditorAssemblies (213ms)
				LogAssemblyErrors (0ms)
				InitializePlatformSupportModulesInManaged (41ms)
				SetLoadedEditorAssemblies (0ms)
				RefreshPlugins (68ms)
				BeforeProcessingInitializeOnLoad (1ms)
				ProcessInitializeOnLoadAttributes (66ms)
				ProcessInitializeOnLoadMethodAttributes (37ms)
				AfterProcessingInitializeOnLoad (0ms)
				EditorAssembliesLoaded (0ms)
			ExecutionOrderSort2 (0ms)
			AwakeInstancesAfterBackupRestoration (0ms)
Platform modules already initialized, skipping
Registering precompiled user dll's ...
Registered in 0.014239 seconds.
Begin MonoManager ReloadAssembly
Symbol file LoadedFromMemory doesn't match image D:\programming\unity\VR-edu\VR-edu\Library\PackageCache\com.unity.visualscripting@1.7.8\Editor\VisualScripting.Core\Dependencies\DotNetZip\Unity.VisualScripting.IonicZip.dll
Symbol file LoadedFromMemory doesn't match image D:\programming\unity\VR-edu\VR-edu\Library\PackageCache\com.unity.visualscripting@1.7.8\Editor\VisualScripting.Core\Dependencies\YamlDotNet\Unity.VisualScripting.YamlDotNet.dll
Native extension for UWP target not found
Native extension for WindowsStandalone target not found
Native extension for Android target not found
Refreshing native plugins compatible for Editor in 79.76 ms, found 7 plugins.
Preloading 1 native plugins for Editor in 0.10 ms.
Package Manager log level set to [2]
System.Reflection.TargetInvocationException: Exception has been thrown by the target of an invocation. ---> System.NullReferenceException: Object reference not set to an instance of an object
  at Unity.XR.Oculus.OculusLoader.AssetPathToAbsolutePath (System.String assetPath) [0x0003d] in D:\programming\unity\VR-edu\VR-edu\Library\PackageCache\com.unity.xr.oculus@3.0.2\Runtime\OculusLoader.cs:271 
  at Unity.XR.Oculus.OculusLoader.EditorLoadOVRPlugin () [0x0007b] in D:\programming\unity\VR-edu\VR-edu\Library\PackageCache\com.unity.xr.oculus@3.0.2\Runtime\OculusLoader.cs:256 
  at (wrapper managed-to-native) System.Reflection.RuntimeMethodInfo.InternalInvoke(System.Reflection.RuntimeMethodInfo,object,object[],System.Exception&)
  at System.Reflection.RuntimeMethodInfo.Invoke (System.Object obj, System.Reflection.BindingFlags invokeAttr, System.Reflection.Binder binder, System.Object[] parameters, System.Globalization.CultureInfo culture) [0x0006a] in <9aad1b3a47484d63ba2b3985692d80e9>:0 
   --- End of inner exception stack trace ---
  at System.Reflection.RuntimeMethodInfo.Invoke (System.Object obj, System.Reflection.BindingFlags invokeAttr, System.Reflection.Binder binder, System.Object[] parameters, System.Globalization.CultureInfo culture) [0x00083] in <9aad1b3a47484d63ba2b3985692d80e9>:0 
  at System.Reflection.MethodBase.Invoke (System.Object obj, System.Object[] parameters) [0x00000] in <9aad1b3a47484d63ba2b3985692d80e9>:0 
  at UnityEditor.EditorAssemblies.ProcessInitializeOnLoadMethodAttributes () [0x000a5] in <0c9183c83c1543a1bfb64f3734ed0991>:0 
UnityEngine.StackTraceUtility:ExtractStackTrace ()
UnityEngine.DebugLogHandler:LogFormat (UnityEngine.LogType,UnityEngine.Object,string,object[])
UnityEngine.Logger:Log (UnityEngine.LogType,object)
UnityEngine.Debug:LogError (object)
UnityEditor.EditorAssemblies:ProcessInitializeOnLoadMethodAttributes ()

Mono: successfully reloaded assembly
- Completed reload, in  1.146 seconds
Domain Reload Profiling:
	ReloadAssembly (1147ms)
		BeginReloadAssembly (202ms)
			ExecutionOrderSort (0ms)
			DisableScriptedObjects (4ms)
			BackupInstance (0ms)
			ReleaseScriptingObjects (0ms)
			CreateAndSetChildDomain (129ms)
		EndReloadAssembly (857ms)
			LoadAssemblies (74ms)
			RebuildTransferFunctionScriptingTraits (0ms)
			SetupTypeCache (199ms)
			ReleaseScriptCaches (0ms)
			RebuildScriptCaches (46ms)
			SetupLoadedEditorAssemblies (502ms)
				LogAssemblyErrors (0ms)
				InitializePlatformSupportModulesInManaged (9ms)
				SetLoadedEditorAssemblies (0ms)
				RefreshPlugins (80ms)
				BeforeProcessingInitializeOnLoad (87ms)
				ProcessInitializeOnLoadAttributes (295ms)
				ProcessInitializeOnLoadMethodAttributes (24ms)
				AfterProcessingInitializeOnLoad (7ms)
				EditorAssembliesLoaded (0ms)
			ExecutionOrderSort2 (0ms)
			AwakeInstancesAfterBackupRestoration (5ms)
Platform modules already initialized, skipping
========================================================================
Worker process is ready to serve import requests
Launched and connected shader compiler UnityShaderCompiler.exe after 0.05 seconds
Refreshing native plugins compatible for Editor in 0.79 ms, found 7 plugins.
Preloading 1 native plugins for Editor in 0.09 ms.
Unloading 4705 Unused Serialized files (Serialized files now loaded: 0)
Unloading 61 unused Assets / (120.0 KB). Loaded Objects now: 5195.
Memory consumption went from 185.9 MB to 185.7 MB.
Total: 3.881400 ms (FindLiveObjects: 0.240600 ms CreateObjectMapping: 0.133600 ms MarkObjects: 3.376500 ms  DeleteObjects: 0.129500 ms)

AssetImportParameters requested are different than current active one (requested -> active):
  custom:video-decoder-ogg-theora: a1e56fd34408186e4bbccfd4996cb3dc -> 
  custom:container-muxer-webm: aa71ff27fc2769a1b78a27578f13a17b -> 
  custom:container-demuxer-webm: 4f35f7cbe854078d1ac9338744f61a02 -> 
  custom:video-encoder-webm-vp8: eb34c28f22e8b96e1ab97ce403110664 -> 
  custom:video-codec-MediaFoundation-h265: 746d11721c4dcdbdad8f713fa42b33f4 -> 
  custom:audio-encoder-webm-vorbis: bf7c407c2cedff20999df2af8eb42d56 -> 
  custom:framework-win-MediaFoundation: 216162199b28c13a410421893ffa2e32 -> 
  custom:container-demuxer-ogg: 62fdf1f143b41e24485cea50d1cbac27 -> 
  custom:video-decoder-webm-vp8: 9c59270c3fd7afecdb556c50c9e8de78 -> 
  custom:audio-decoder-ogg-vorbis: bf7c407c2cedff20999df2af8eb42d56 -> 
========================================================================
Received Import Request.
  Time since last request: 59417.755873 seconds.
  path: Assets/OfficeInteriors/Scenes/reception_room/prefabs/bench.prefab
  artifactKey: Guid(d8a0273003d98a0439410e0f17a8a173) Importer(815301076,1909f56bfc062723c751e8b465ee728b)
Start importing Assets/OfficeInteriors/Scenes/reception_room/prefabs/bench.prefab using Guid(d8a0273003d98a0439410e0f17a8a173) Importer(815301076,1909f56bfc062723c751e8b465ee728b)  -> (artifact id: '3c7ae29ebaa13e80b40b2d9752ba6303') in 0.185559 seconds 
========================================================================
Received Import Request.
  Time since last request: 0.000021 seconds.
  path: Assets/OfficeInteriors/Scenes/reception_room/prefabs/closet.prefab
  artifactKey: Guid(31b634eccecba3046a7ac5b8daf0d200) Importer(815301076,1909f56bfc062723c751e8b465ee728b)
Start importing Assets/OfficeInteriors/Scenes/reception_room/prefabs/closet.prefab using Guid(31b634eccecba3046a7ac5b8daf0d200) Importer(815301076,1909f56bfc062723c751e8b465ee728b)  -> (artifact id: '0c0d0788b79236ebca5f55315a50db0b') in 0.085357 seconds 
========================================================================
Received Import Request.
  Time since last request: 0.000030 seconds.
  path: Assets/OfficeInteriors/Scenes/reception_room/prefabs/door.prefab
  artifactKey: Guid(6daeb492dc86c884d9c337b418f31fe0) Importer(815301076,1909f56bfc062723c751e8b465ee728b)
Start importing Assets/OfficeInteriors/Scenes/reception_room/prefabs/door.prefab using Guid(6daeb492dc86c884d9c337b418f31fe0) Importer(815301076,1909f56bfc062723c751e8b465ee728b)  -> (artifact id: '798797fa99225d51c8a4eb5521ee5469') in 0.083797 seconds 
========================================================================
Received Import Request.
  Time since last request: 0.000016 seconds.
  path: Assets/OfficeInteriors/Scenes/reception_room/prefabs/vase2.prefab
  artifactKey: Guid(a929515a21f975b43945034cbf72904a) Importer(815301076,1909f56bfc062723c751e8b465ee728b)
Start importing Assets/OfficeInteriors/Scenes/reception_room/prefabs/vase2.prefab using Guid(a929515a21f975b43945034cbf72904a) Importer(815301076,1909f56bfc062723c751e8b465ee728b)  -> (artifact id: 'cb5b3d1e6fc4bf3913a03337319ff8b0') in 0.066970 seconds 
========================================================================
Received Import Request.
  Time since last request: 0.000019 seconds.
  path: Assets/OfficeInteriors/Scenes/reception_room/prefabs/painting3.prefab
  artifactKey: Guid(3b60c78ecb40cb7469543fed6536de9b) Importer(815301076,1909f56bfc062723c751e8b465ee728b)
Start importing Assets/OfficeInteriors/Scenes/reception_room/prefabs/painting3.prefab using Guid(3b60c78ecb40cb7469543fed6536de9b) Importer(815301076,1909f56bfc062723c751e8b465ee728b)  -> (artifact id: '24c41d296d6d887cba5d8c4d04ab4c61') in 0.070125 seconds 
========================================================================
Received Import Request.
  Time since last request: 0.000020 seconds.
  path: Assets/OfficeInteriors/Scenes/reception_room/prefabs/painting4.prefab
  artifactKey: Guid(2352cba1fa067ca4fa1b76d0ebbe9821) Importer(815301076,1909f56bfc062723c751e8b465ee728b)
Start importing Assets/OfficeInteriors/Scenes/reception_room/prefabs/painting4.prefab using Guid(2352cba1fa067ca4fa1b76d0ebbe9821) Importer(815301076,1909f56bfc062723c751e8b465ee728b)  -> (artifact id: '61e2d1676a7b13fbe1fd1754d3bd7b7d') in 0.084133 seconds 
========================================================================
Received Import Request.
  Time since last request: 0.000027 seconds.
  path: Assets/OfficeInteriors/Scenes/reception_room/prefabs/painting1.prefab
  artifactKey: Guid(7893bb45391e5524f8d17994395458ce) Importer(815301076,1909f56bfc062723c751e8b465ee728b)
Start importing Assets/OfficeInteriors/Scenes/reception_room/prefabs/painting1.prefab using Guid(7893bb45391e5524f8d17994395458ce) Importer(815301076,1909f56bfc062723c751e8b465ee728b)  -> (artifact id: 'b140713363548a1437509b3d70f8941c') in 0.083238 seconds 
========================================================================
Received Import Request.
  Time since last request: 0.000021 seconds.
  path: Assets/OfficeInteriors/Scenes/reception_room/prefabs/bowl.prefab
  artifactKey: Guid(dc2febf9432d13841925349493b135ca) Importer(815301076,1909f56bfc062723c751e8b465ee728b)
Start importing Assets/OfficeInteriors/Scenes/reception_room/prefabs/bowl.prefab using Guid(dc2febf9432d13841925349493b135ca) Importer(815301076,1909f56bfc062723c751e8b465ee728b)  -> (artifact id: 'ea810882db0c02ad9ca2604f3cfac315') in 0.074980 seconds 
========================================================================
Received Import Request.
  Time since last request: 0.000022 seconds.
  path: Assets/OfficeInteriors/Scenes/reception_room/prefabs
  artifactKey: Guid(69cf00880b61d4d488d31df20ae0a4f6) Importer(815301076,1909f56bfc062723c751e8b465ee728b)
Start importing Assets/OfficeInteriors/Scenes/reception_room/prefabs using Guid(69cf00880b61d4d488d31df20ae0a4f6) Importer(815301076,1909f56bfc062723c751e8b465ee728b)  -> (artifact id: '7ef72d2b42fd29f935e0cd325d0dcf70') in 0.001739 seconds 
========================================================================
Received Import Request.
  Time since last request: 0.000033 seconds.
  path: Assets/OfficeInteriors/Scenes/reception_room/prefabs/cushion2.prefab
  artifactKey: Guid(67248f2c2e0d31841a7ae07f7981b7b3) Importer(815301076,1909f56bfc062723c751e8b465ee728b)
Start importing Assets/OfficeInteriors/Scenes/reception_room/prefabs/cushion2.prefab using Guid(67248f2c2e0d31841a7ae07f7981b7b3) Importer(815301076,1909f56bfc062723c751e8b465ee728b)  -> (artifact id: 'd5722bd501304accf349895f4ef95a47') in 0.029770 seconds 
========================================================================
Received Import Request.
  Time since last request: 0.000030 seconds.
  path: Assets/OfficeInteriors/Scenes/reception_room/prefabs/halogene.prefab
  artifactKey: Guid(e3cca11faca9d144fbabd6057d99319c) Importer(815301076,1909f56bfc062723c751e8b465ee728b)
Start importing Assets/OfficeInteriors/Scenes/reception_room/prefabs/halogene.prefab using Guid(e3cca11faca9d144fbabd6057d99319c) Importer(815301076,1909f56bfc062723c751e8b465ee728b)  -> (artifact id: 'b93a2bf628fb9f9a45d2eaa1144907c5') in 0.072811 seconds 
Editor requested this worker to shutdown with reason: Scaling down because of idle timeout
AssetImportWorker is now disconnected from the server
Process exiting
Exiting without the bug reporter. Application will terminate with return code 0