Using pre-set license
Built from '2021.3/china_unity/release' branch; Version is '2021.3.9f1c1 (0fa35b602de1) revision 1024859'; Using compiler version '192829333'; Build Type 'Release'
OS: 'Windows 11  (10.0.22000) 64bit CoreCountrySpecific' Language: 'zh' Physical Memory: 16108 MB
BatchMode: 1, IsHumanControllingUs: 0, StartBugReporterOnCrash: 0, Is64bit: 1, IsPro: 1

COMMAND LINE ARGUMENTS:
D:\Program Files\Unity\Hub\Editor\2021.3.9f1c1\Editor\Unity.exe
-adb2
-batchMode
-noUpm
-name
AssetImportWorker0
-projectPath
D:/programming/unity/VR-edu/VR-edu
-logFile
Logs/AssetImportWorker0.log
-srvPort
50571
Successfully changed project path to: D:/programming/unity/VR-edu/VR-edu
D:/programming/unity/VR-edu/VR-edu
[UnityMemory] Configuration Parameters - Can be set up in boot.config
    "memorysetup-bucket-allocator-granularity=16"
    "memorysetup-bucket-allocator-bucket-count=8"
    "memorysetup-bucket-allocator-block-size=33554432"
    "memorysetup-bucket-allocator-block-count=8"
    "memorysetup-main-allocator-block-size=16777216"
    "memorysetup-thread-allocator-block-size=16777216"
    "memorysetup-gfx-main-allocator-block-size=16777216"
    "memorysetup-gfx-thread-allocator-block-size=16777216"
    "memorysetup-cache-allocator-block-size=4194304"
    "memorysetup-typetree-allocator-block-size=2097152"
    "memorysetup-profiler-bucket-allocator-granularity=16"
    "memorysetup-profiler-bucket-allocator-bucket-count=8"
    "memorysetup-profiler-bucket-allocator-block-size=33554432"
    "memorysetup-profiler-bucket-allocator-block-count=8"
    "memorysetup-profiler-allocator-block-size=16777216"
    "memorysetup-profiler-editor-allocator-block-size=1048576"
    "memorysetup-temp-allocator-size-main=16777216"
    "memorysetup-job-temp-allocator-block-size=2097152"
    "memorysetup-job-temp-allocator-block-size-background=1048576"
    "memorysetup-job-temp-allocator-reduction-small-platforms=262144"
    "memorysetup-temp-allocator-size-background-worker=32768"
    "memorysetup-temp-allocator-size-job-worker=262144"
    "memorysetup-temp-allocator-size-preload-manager=33554432"
    "memorysetup-temp-allocator-size-nav-mesh-worker=65536"
    "memorysetup-temp-allocator-size-audio-worker=65536"
    "memorysetup-temp-allocator-size-cloud-worker=32768"
    "memorysetup-temp-allocator-size-gi-baking-worker=262144"
    "memorysetup-temp-allocator-size-gfx=262144"
AS: AutoStreaming module initializing.
Refreshing native plugins compatible for Editor in 98.67 ms, found 7 plugins.
Preloading 1 native plugins for Editor in 0.76 ms.
Initialize engine version: 2021.3.9f1c1 (0fa35b602de1)
[Subsystems] Discovering subsystems at path D:/Program Files/Unity/Hub/Editor/2021.3.9f1c1/Editor/Data/Resources/UnitySubsystems
[Subsystems] Discovering subsystems at path D:/programming/unity/VR-edu/VR-edu/Assets
GfxDevice: creating device client; threaded=0; jobified=0
Direct3D:
    Version:  Direct3D 11.0 [level 11.1]
    Renderer: NVIDIA GeForce RTX 3050 Ti Laptop GPU (ID=0x25e0)
    Vendor:   NVIDIA
    VRAM:     3990 MB
    Driver:   31.0.15.1700
Initialize mono
Mono path[0] = 'D:/Program Files/Unity/Hub/Editor/2021.3.9f1c1/Editor/Data/Managed'
Mono path[1] = 'D:/Program Files/Unity/Hub/Editor/2021.3.9f1c1/Editor/Data/MonoBleedingEdge/lib/mono/unityjit-win32'
Mono config path = 'D:/Program Files/Unity/Hub/Editor/2021.3.9f1c1/Editor/Data/MonoBleedingEdge/etc'
Using monoOptions --debugger-agent=transport=dt_socket,embedding=1,server=y,suspend=n,address=127.0.0.1:56768
Begin MonoManager ReloadAssembly
Registering precompiled unity dll's ...
Register platform support module: D:/Program Files/Unity/Hub/Editor/2021.3.9f1c1/Editor/Data/PlaybackEngines/AndroidPlayer/UnityEditor.Android.Extensions.dll
Register platform support module: D:/Program Files/Unity/Hub/Editor/2021.3.9f1c1/Editor/Data/PlaybackEngines/WindowsStandaloneSupport/UnityEditor.WindowsStandalone.Extensions.dll
Register platform support module: D:/Program Files/Unity/Hub/Editor/2021.3.9f1c1/Editor/Data/PlaybackEngines/MetroSupport/UnityEditor.UWP.Extensions.dll
Registered in 0.007685 seconds.
Native extension for UWP target not found
Native extension for WindowsStandalone target not found
Native extension for Android target not found
Refreshing native plugins compatible for Editor in 79.84 ms, found 7 plugins.
Preloading 1 native plugins for Editor in 0.08 ms.
Mono: successfully reloaded assembly
- Completed reload, in  0.592 seconds
Domain Reload Profiling:
	ReloadAssembly (593ms)
		BeginReloadAssembly (81ms)
			ExecutionOrderSort (0ms)
			DisableScriptedObjects (0ms)
			BackupInstance (0ms)
			ReleaseScriptingObjects (0ms)
			CreateAndSetChildDomain (1ms)
		EndReloadAssembly (399ms)
			LoadAssemblies (77ms)
			RebuildTransferFunctionScriptingTraits (0ms)
			SetupTypeCache (86ms)
			ReleaseScriptCaches (0ms)
			RebuildScriptCaches (26ms)
			SetupLoadedEditorAssemblies (243ms)
				LogAssemblyErrors (0ms)
				InitializePlatformSupportModulesInManaged (48ms)
				SetLoadedEditorAssemblies (0ms)
				RefreshPlugins (80ms)
				BeforeProcessingInitializeOnLoad (1ms)
				ProcessInitializeOnLoadAttributes (70ms)
				ProcessInitializeOnLoadMethodAttributes (43ms)
				AfterProcessingInitializeOnLoad (0ms)
				EditorAssembliesLoaded (0ms)
			ExecutionOrderSort2 (0ms)
			AwakeInstancesAfterBackupRestoration (0ms)
Platform modules already initialized, skipping
Registering precompiled user dll's ...
Registered in 0.015208 seconds.
Begin MonoManager ReloadAssembly
Symbol file LoadedFromMemory doesn't match image D:\programming\unity\VR-edu\VR-edu\Library\PackageCache\com.unity.visualscripting@1.7.8\Editor\VisualScripting.Core\Dependencies\DotNetZip\Unity.VisualScripting.IonicZip.dll
Symbol file LoadedFromMemory doesn't match image D:\programming\unity\VR-edu\VR-edu\Library\PackageCache\com.unity.visualscripting@1.7.8\Editor\VisualScripting.Core\Dependencies\YamlDotNet\Unity.VisualScripting.YamlDotNet.dll
Native extension for UWP target not found
Native extension for WindowsStandalone target not found
Native extension for Android target not found
Refreshing native plugins compatible for Editor in 86.47 ms, found 7 plugins.
Preloading 1 native plugins for Editor in 0.09 ms.
Package Manager log level set to [2]
System.Reflection.TargetInvocationException: Exception has been thrown by the target of an invocation. ---> System.NullReferenceException: Object reference not set to an instance of an object
  at Unity.XR.Oculus.OculusLoader.AssetPathToAbsolutePath (System.String assetPath) [0x0003d] in D:\programming\unity\VR-edu\VR-edu\Library\PackageCache\com.unity.xr.oculus@3.0.2\Runtime\OculusLoader.cs:271 
  at Unity.XR.Oculus.OculusLoader.EditorLoadOVRPlugin () [0x0007b] in D:\programming\unity\VR-edu\VR-edu\Library\PackageCache\com.unity.xr.oculus@3.0.2\Runtime\OculusLoader.cs:256 
  at (wrapper managed-to-native) System.Reflection.RuntimeMethodInfo.InternalInvoke(System.Reflection.RuntimeMethodInfo,object,object[],System.Exception&)
  at System.Reflection.RuntimeMethodInfo.Invoke (System.Object obj, System.Reflection.BindingFlags invokeAttr, System.Reflection.Binder binder, System.Object[] parameters, System.Globalization.CultureInfo culture) [0x0006a] in <9aad1b3a47484d63ba2b3985692d80e9>:0 
   --- End of inner exception stack trace ---
  at System.Reflection.RuntimeMethodInfo.Invoke (System.Object obj, System.Reflection.BindingFlags invokeAttr, System.Reflection.Binder binder, System.Object[] parameters, System.Globalization.CultureInfo culture) [0x00083] in <9aad1b3a47484d63ba2b3985692d80e9>:0 
  at System.Reflection.MethodBase.Invoke (System.Object obj, System.Object[] parameters) [0x00000] in <9aad1b3a47484d63ba2b3985692d80e9>:0 
  at UnityEditor.EditorAssemblies.ProcessInitializeOnLoadMethodAttributes () [0x000a5] in <0c9183c83c1543a1bfb64f3734ed0991>:0 
UnityEngine.StackTraceUtility:ExtractStackTrace ()
UnityEngine.DebugLogHandler:LogFormat (UnityEngine.LogType,UnityEngine.Object,string,object[])
UnityEngine.Logger:Log (UnityEngine.LogType,object)
UnityEngine.Debug:LogError (object)
UnityEditor.EditorAssemblies:ProcessInitializeOnLoadMethodAttributes ()

Mono: successfully reloaded assembly
- Completed reload, in  1.167 seconds
Domain Reload Profiling:
	ReloadAssembly (1168ms)
		BeginReloadAssembly (200ms)
			ExecutionOrderSort (0ms)
			DisableScriptedObjects (4ms)
			BackupInstance (0ms)
			ReleaseScriptingObjects (0ms)
			CreateAndSetChildDomain (131ms)
		EndReloadAssembly (878ms)
			LoadAssemblies (78ms)
			RebuildTransferFunctionScriptingTraits (0ms)
			SetupTypeCache (204ms)
			ReleaseScriptCaches (0ms)
			RebuildScriptCaches (49ms)
			SetupLoadedEditorAssemblies (503ms)
				LogAssemblyErrors (0ms)
				InitializePlatformSupportModulesInManaged (10ms)
				SetLoadedEditorAssemblies (0ms)
				RefreshPlugins (87ms)
				BeforeProcessingInitializeOnLoad (77ms)
				ProcessInitializeOnLoadAttributes (299ms)
				ProcessInitializeOnLoadMethodAttributes (24ms)
				AfterProcessingInitializeOnLoad (6ms)
				EditorAssembliesLoaded (0ms)
			ExecutionOrderSort2 (0ms)
			AwakeInstancesAfterBackupRestoration (5ms)
Platform modules already initialized, skipping
========================================================================
Worker process is ready to serve import requests
Launched and connected shader compiler UnityShaderCompiler.exe after 0.04 seconds
Refreshing native plugins compatible for Editor in 0.77 ms, found 7 plugins.
Preloading 1 native plugins for Editor in 0.10 ms.
Unloading 4702 Unused Serialized files (Serialized files now loaded: 0)
Unloading 60 unused Assets / (120.4 KB). Loaded Objects now: 5191.
Memory consumption went from 185.6 MB to 185.5 MB.
Total: 2.779200 ms (FindLiveObjects: 0.243000 ms CreateObjectMapping: 0.133500 ms MarkObjects: 2.261500 ms  DeleteObjects: 0.140100 ms)

AssetImportParameters requested are different than current active one (requested -> active):
  custom:video-decoder-ogg-theora: a1e56fd34408186e4bbccfd4996cb3dc -> 
  custom:container-muxer-webm: aa71ff27fc2769a1b78a27578f13a17b -> 
  custom:container-demuxer-webm: 4f35f7cbe854078d1ac9338744f61a02 -> 
  custom:video-encoder-webm-vp8: eb34c28f22e8b96e1ab97ce403110664 -> 
  custom:video-codec-MediaFoundation-h265: 746d11721c4dcdbdad8f713fa42b33f4 -> 
  custom:audio-encoder-webm-vorbis: bf7c407c2cedff20999df2af8eb42d56 -> 
  custom:framework-win-MediaFoundation: 216162199b28c13a410421893ffa2e32 -> 
  custom:container-demuxer-ogg: 62fdf1f143b41e24485cea50d1cbac27 -> 
  custom:video-decoder-webm-vp8: 9c59270c3fd7afecdb556c50c9e8de78 -> 
  custom:audio-decoder-ogg-vorbis: bf7c407c2cedff20999df2af8eb42d56 -> 
========================================================================
Received Import Request.
  Time since last request: 48879.236629 seconds.
  path: Assets/Scripts/BasicSpawner.cs
  artifactKey: Guid(2034dbbb9afc2c74cbaaebef5f813c3d) Importer(815301076,1909f56bfc062723c751e8b465ee728b)
Start importing Assets/Scripts/BasicSpawner.cs using Guid(2034dbbb9afc2c74cbaaebef5f813c3d) Importer(815301076,1909f56bfc062723c751e8b465ee728b)  -> (artifact id: '7c59f5aa2a50f577736a8532f12e933f') in 0.033946 seconds 
========================================================================
Received Import Request.
  Time since last request: 242.273514 seconds.
  path: Assets/Scripts/GlobalVar.cs
  artifactKey: Guid(7eaa6a5d179ddf84ebe604dd84ed81f5) Importer(815301076,1909f56bfc062723c751e8b465ee728b)
Start importing Assets/Scripts/GlobalVar.cs using Guid(7eaa6a5d179ddf84ebe604dd84ed81f5) Importer(815301076,1909f56bfc062723c751e8b465ee728b)  -> (artifact id: '4baf1c80cce00eeef7ec07b3c1ebfe4f') in 0.001740 seconds 
========================================================================
Received Prepare
Registering precompiled user dll's ...
Registered in 0.014367 seconds.
Begin MonoManager ReloadAssembly
Symbol file LoadedFromMemory doesn't match image D:\programming\unity\VR-edu\VR-edu\Library\PackageCache\com.unity.visualscripting@1.7.8\Editor\VisualScripting.Core\Dependencies\DotNetZip\Unity.VisualScripting.IonicZip.dll
Symbol file LoadedFromMemory doesn't match image D:\programming\unity\VR-edu\VR-edu\Library\PackageCache\com.unity.visualscripting@1.7.8\Editor\VisualScripting.Core\Dependencies\YamlDotNet\Unity.VisualScripting.YamlDotNet.dll
Native extension for UWP target not found
Native extension for WindowsStandalone target not found
Native extension for Android target not found
Refreshing native plugins compatible for Editor in 0.79 ms, found 7 plugins.
Preloading 1 native plugins for Editor in 0.11 ms.
System.Reflection.TargetInvocationException: Exception has been thrown by the target of an invocation. ---> System.NullReferenceException: Object reference not set to an instance of an object
  at Unity.XR.Oculus.OculusLoader.AssetPathToAbsolutePath (System.String assetPath) [0x0003d] in D:\programming\unity\VR-edu\VR-edu\Library\PackageCache\com.unity.xr.oculus@3.0.2\Runtime\OculusLoader.cs:271 
  at Unity.XR.Oculus.OculusLoader.EditorLoadOVRPlugin () [0x0007b] in D:\programming\unity\VR-edu\VR-edu\Library\PackageCache\com.unity.xr.oculus@3.0.2\Runtime\OculusLoader.cs:256 
  at (wrapper managed-to-native) System.Reflection.RuntimeMethodInfo.InternalInvoke(System.Reflection.RuntimeMethodInfo,object,object[],System.Exception&)
  at System.Reflection.RuntimeMethodInfo.Invoke (System.Object obj, System.Reflection.BindingFlags invokeAttr, System.Reflection.Binder binder, System.Object[] parameters, System.Globalization.CultureInfo culture) [0x0006a] in <9aad1b3a47484d63ba2b3985692d80e9>:0 
   --- End of inner exception stack trace ---
  at System.Reflection.RuntimeMethodInfo.Invoke (System.Object obj, System.Reflection.BindingFlags invokeAttr, System.Reflection.Binder binder, System.Object[] parameters, System.Globalization.CultureInfo culture) [0x00083] in <9aad1b3a47484d63ba2b3985692d80e9>:0 
  at System.Reflection.MethodBase.Invoke (System.Object obj, System.Object[] parameters) [0x00000] in <9aad1b3a47484d63ba2b3985692d80e9>:0 
  at UnityEditor.EditorAssemblies.ProcessInitializeOnLoadMethodAttributes () [0x000a5] in <0c9183c83c1543a1bfb64f3734ed0991>:0 
UnityEngine.StackTraceUtility:ExtractStackTrace ()
UnityEngine.DebugLogHandler:LogFormat (UnityEngine.LogType,UnityEngine.Object,string,object[])
UnityEngine.Logger:Log (UnityEngine.LogType,object)
UnityEngine.Debug:LogError (object)
UnityEditor.EditorAssemblies:ProcessInitializeOnLoadMethodAttributes ()

Mono: successfully reloaded assembly
- Completed reload, in  0.890 seconds
Domain Reload Profiling:
	ReloadAssembly (891ms)
		BeginReloadAssembly (114ms)
			ExecutionOrderSort (0ms)
			DisableScriptedObjects (5ms)
			BackupInstance (0ms)
			ReleaseScriptingObjects (0ms)
			CreateAndSetChildDomain (30ms)
		EndReloadAssembly (699ms)
			LoadAssemblies (84ms)
			RebuildTransferFunctionScriptingTraits (0ms)
			SetupTypeCache (202ms)
			ReleaseScriptCaches (1ms)
			RebuildScriptCaches (39ms)
			SetupLoadedEditorAssemblies (330ms)
				LogAssemblyErrors (0ms)
				InitializePlatformSupportModulesInManaged (15ms)
				SetLoadedEditorAssemblies (0ms)
				RefreshPlugins (1ms)
				BeforeProcessingInitializeOnLoad (50ms)
				ProcessInitializeOnLoadAttributes (231ms)
				ProcessInitializeOnLoadMethodAttributes (25ms)
				AfterProcessingInitializeOnLoad (8ms)
				EditorAssembliesLoaded (0ms)
			ExecutionOrderSort2 (0ms)
			AwakeInstancesAfterBackupRestoration (6ms)
Platform modules already initialized, skipping
Refreshing native plugins compatible for Editor in 3.28 ms, found 7 plugins.
Preloading 1 native plugins for Editor in 0.08 ms.
Unloading 4644 Unused Serialized files (Serialized files now loaded: 0)
Unloading 50 unused Assets / (90.3 KB). Loaded Objects now: 5197.
Memory consumption went from 181.2 MB to 181.1 MB.
Total: 3.117000 ms (FindLiveObjects: 0.398600 ms CreateObjectMapping: 0.131100 ms MarkObjects: 2.483800 ms  DeleteObjects: 0.101400 ms)

AssetImportParameters requested are different than current active one (requested -> active):
  custom:video-decoder-ogg-theora: a1e56fd34408186e4bbccfd4996cb3dc -> 
  custom:container-muxer-webm: aa71ff27fc2769a1b78a27578f13a17b -> 
  custom:container-demuxer-webm: 4f35f7cbe854078d1ac9338744f61a02 -> 
  custom:video-encoder-webm-vp8: eb34c28f22e8b96e1ab97ce403110664 -> 
  custom:video-codec-MediaFoundation-h265: 746d11721c4dcdbdad8f713fa42b33f4 -> 
  custom:audio-encoder-webm-vorbis: bf7c407c2cedff20999df2af8eb42d56 -> 
  custom:framework-win-MediaFoundation: 216162199b28c13a410421893ffa2e32 -> 
  custom:container-demuxer-ogg: 62fdf1f143b41e24485cea50d1cbac27 -> 
  custom:video-decoder-webm-vp8: 9c59270c3fd7afecdb556c50c9e8de78 -> 
  custom:audio-decoder-ogg-vorbis: bf7c407c2cedff20999df2af8eb42d56 -> 
========================================================================
Received Prepare
Registering precompiled user dll's ...
Registered in 0.015998 seconds.
Begin MonoManager ReloadAssembly
Symbol file LoadedFromMemory doesn't match image D:\programming\unity\VR-edu\VR-edu\Library\PackageCache\com.unity.visualscripting@1.7.8\Editor\VisualScripting.Core\Dependencies\DotNetZip\Unity.VisualScripting.IonicZip.dll
Symbol file LoadedFromMemory doesn't match image D:\programming\unity\VR-edu\VR-edu\Library\PackageCache\com.unity.visualscripting@1.7.8\Editor\VisualScripting.Core\Dependencies\YamlDotNet\Unity.VisualScripting.YamlDotNet.dll
Native extension for UWP target not found
Native extension for WindowsStandalone target not found
Native extension for Android target not found
Refreshing native plugins compatible for Editor in 1.06 ms, found 7 plugins.
Preloading 1 native plugins for Editor in 0.13 ms.
System.Reflection.TargetInvocationException: Exception has been thrown by the target of an invocation. ---> System.NullReferenceException: Object reference not set to an instance of an object
  at Unity.XR.Oculus.OculusLoader.AssetPathToAbsolutePath (System.String assetPath) [0x0003d] in D:\programming\unity\VR-edu\VR-edu\Library\PackageCache\com.unity.xr.oculus@3.0.2\Runtime\OculusLoader.cs:271 
  at Unity.XR.Oculus.OculusLoader.EditorLoadOVRPlugin () [0x0007b] in D:\programming\unity\VR-edu\VR-edu\Library\PackageCache\com.unity.xr.oculus@3.0.2\Runtime\OculusLoader.cs:256 
  at (wrapper managed-to-native) System.Reflection.RuntimeMethodInfo.InternalInvoke(System.Reflection.RuntimeMethodInfo,object,object[],System.Exception&)
  at System.Reflection.RuntimeMethodInfo.Invoke (System.Object obj, System.Reflection.BindingFlags invokeAttr, System.Reflection.Binder binder, System.Object[] parameters, System.Globalization.CultureInfo culture) [0x0006a] in <9aad1b3a47484d63ba2b3985692d80e9>:0 
   --- End of inner exception stack trace ---
  at System.Reflection.RuntimeMethodInfo.Invoke (System.Object obj, System.Reflection.BindingFlags invokeAttr, System.Reflection.Binder binder, System.Object[] parameters, System.Globalization.CultureInfo culture) [0x00083] in <9aad1b3a47484d63ba2b3985692d80e9>:0 
  at System.Reflection.MethodBase.Invoke (System.Object obj, System.Object[] parameters) [0x00000] in <9aad1b3a47484d63ba2b3985692d80e9>:0 
  at UnityEditor.EditorAssemblies.ProcessInitializeOnLoadMethodAttributes () [0x000a5] in <0c9183c83c1543a1bfb64f3734ed0991>:0 
UnityEngine.StackTraceUtility:ExtractStackTrace ()
UnityEngine.DebugLogHandler:LogFormat (UnityEngine.LogType,UnityEngine.Object,string,object[])
UnityEngine.Logger:Log (UnityEngine.LogType,object)
UnityEngine.Debug:LogError (object)
UnityEditor.EditorAssemblies:ProcessInitializeOnLoadMethodAttributes ()

Mono: successfully reloaded assembly
- Completed reload, in  0.990 seconds
Domain Reload Profiling:
	ReloadAssembly (991ms)
		BeginReloadAssembly (118ms)
			ExecutionOrderSort (0ms)
			DisableScriptedObjects (3ms)
			BackupInstance (0ms)
			ReleaseScriptingObjects (0ms)
			CreateAndSetChildDomain (36ms)
		EndReloadAssembly (790ms)
			LoadAssemblies (91ms)
			RebuildTransferFunctionScriptingTraits (0ms)
			SetupTypeCache (203ms)
			ReleaseScriptCaches (1ms)
			RebuildScriptCaches (29ms)
			SetupLoadedEditorAssemblies (404ms)
				LogAssemblyErrors (0ms)
				InitializePlatformSupportModulesInManaged (21ms)
				SetLoadedEditorAssemblies (1ms)
				RefreshPlugins (1ms)
				BeforeProcessingInitializeOnLoad (49ms)
				ProcessInitializeOnLoadAttributes (297ms)
				ProcessInitializeOnLoadMethodAttributes (26ms)
				AfterProcessingInitializeOnLoad (9ms)
				EditorAssembliesLoaded (0ms)
			ExecutionOrderSort2 (0ms)
			AwakeInstancesAfterBackupRestoration (8ms)
Platform modules already initialized, skipping
Refreshing native plugins compatible for Editor in 3.46 ms, found 7 plugins.
Preloading 1 native plugins for Editor in 0.07 ms.
Unloading 4644 Unused Serialized files (Serialized files now loaded: 0)
Unloading 50 unused Assets / (90.4 KB). Loaded Objects now: 5202.
Memory consumption went from 181.2 MB to 181.2 MB.
Total: 2.915600 ms (FindLiveObjects: 0.273800 ms CreateObjectMapping: 0.138500 ms MarkObjects: 2.399300 ms  DeleteObjects: 0.103000 ms)

AssetImportParameters requested are different than current active one (requested -> active):
  custom:video-decoder-ogg-theora: a1e56fd34408186e4bbccfd4996cb3dc -> 
  custom:container-muxer-webm: aa71ff27fc2769a1b78a27578f13a17b -> 
  custom:container-demuxer-webm: 4f35f7cbe854078d1ac9338744f61a02 -> 
  custom:video-encoder-webm-vp8: eb34c28f22e8b96e1ab97ce403110664 -> 
  custom:video-codec-MediaFoundation-h265: 746d11721c4dcdbdad8f713fa42b33f4 -> 
  custom:audio-encoder-webm-vorbis: bf7c407c2cedff20999df2af8eb42d56 -> 
  custom:framework-win-MediaFoundation: 216162199b28c13a410421893ffa2e32 -> 
  custom:container-demuxer-ogg: 62fdf1f143b41e24485cea50d1cbac27 -> 
  custom:video-decoder-webm-vp8: 9c59270c3fd7afecdb556c50c9e8de78 -> 
  custom:audio-decoder-ogg-vorbis: bf7c407c2cedff20999df2af8eb42d56 -> 
========================================================================
Received Import Request.
  Time since last request: 56.421924 seconds.
  path: Assets/Scripts/GlobalVar.cs
  artifactKey: Guid(7eaa6a5d179ddf84ebe604dd84ed81f5) Importer(815301076,1909f56bfc062723c751e8b465ee728b)
Start importing Assets/Scripts/GlobalVar.cs using Guid(7eaa6a5d179ddf84ebe604dd84ed81f5) Importer(815301076,1909f56bfc062723c751e8b465ee728b)  -> (artifact id: 'fe67528ccfaa56a09e007b163fae3646') in 0.006134 seconds 
========================================================================
Received Import Request.
  Time since last request: 22.745637 seconds.
  path: Assets/Scripts/BasicSpawner.cs
  artifactKey: Guid(2034dbbb9afc2c74cbaaebef5f813c3d) Importer(815301076,1909f56bfc062723c751e8b465ee728b)
Start importing Assets/Scripts/BasicSpawner.cs using Guid(2034dbbb9afc2c74cbaaebef5f813c3d) Importer(815301076,1909f56bfc062723c751e8b465ee728b)  -> (artifact id: 'bb7e6c0544b88b641c44da1adbbadbfb') in 0.001686 seconds 
========================================================================
Received Prepare
Registering precompiled user dll's ...
Registered in 0.029254 seconds.
Begin MonoManager ReloadAssembly
Symbol file LoadedFromMemory doesn't match image D:\programming\unity\VR-edu\VR-edu\Library\PackageCache\com.unity.visualscripting@1.7.8\Editor\VisualScripting.Core\Dependencies\DotNetZip\Unity.VisualScripting.IonicZip.dll
Symbol file LoadedFromMemory doesn't match image D:\programming\unity\VR-edu\VR-edu\Library\PackageCache\com.unity.visualscripting@1.7.8\Editor\VisualScripting.Core\Dependencies\YamlDotNet\Unity.VisualScripting.YamlDotNet.dll
Native extension for UWP target not found
Native extension for WindowsStandalone target not found
Native extension for Android target not found
Refreshing native plugins compatible for Editor in 1.08 ms, found 7 plugins.
Preloading 1 native plugins for Editor in 0.14 ms.
System.Reflection.TargetInvocationException: Exception has been thrown by the target of an invocation. ---> System.NullReferenceException: Object reference not set to an instance of an object
  at Unity.XR.Oculus.OculusLoader.AssetPathToAbsolutePath (System.String assetPath) [0x0003d] in D:\programming\unity\VR-edu\VR-edu\Library\PackageCache\com.unity.xr.oculus@3.0.2\Runtime\OculusLoader.cs:271 
  at Unity.XR.Oculus.OculusLoader.EditorLoadOVRPlugin () [0x0007b] in D:\programming\unity\VR-edu\VR-edu\Library\PackageCache\com.unity.xr.oculus@3.0.2\Runtime\OculusLoader.cs:256 
  at (wrapper managed-to-native) System.Reflection.RuntimeMethodInfo.InternalInvoke(System.Reflection.RuntimeMethodInfo,object,object[],System.Exception&)
  at System.Reflection.RuntimeMethodInfo.Invoke (System.Object obj, System.Reflection.BindingFlags invokeAttr, System.Reflection.Binder binder, System.Object[] parameters, System.Globalization.CultureInfo culture) [0x0006a] in <9aad1b3a47484d63ba2b3985692d80e9>:0 
   --- End of inner exception stack trace ---
  at System.Reflection.RuntimeMethodInfo.Invoke (System.Object obj, System.Reflection.BindingFlags invokeAttr, System.Reflection.Binder binder, System.Object[] parameters, System.Globalization.CultureInfo culture) [0x00083] in <9aad1b3a47484d63ba2b3985692d80e9>:0 
  at System.Reflection.MethodBase.Invoke (System.Object obj, System.Object[] parameters) [0x00000] in <9aad1b3a47484d63ba2b3985692d80e9>:0 
  at UnityEditor.EditorAssemblies.ProcessInitializeOnLoadMethodAttributes () [0x000a5] in <0c9183c83c1543a1bfb64f3734ed0991>:0 
UnityEngine.StackTraceUtility:ExtractStackTrace ()
UnityEngine.DebugLogHandler:LogFormat (UnityEngine.LogType,UnityEngine.Object,string,object[])
UnityEngine.Logger:Log (UnityEngine.LogType,object)
UnityEngine.Debug:LogError (object)
UnityEditor.EditorAssemblies:ProcessInitializeOnLoadMethodAttributes ()

Mono: successfully reloaded assembly
- Completed reload, in  1.026 seconds
Domain Reload Profiling:
	ReloadAssembly (1027ms)
		BeginReloadAssembly (153ms)
			ExecutionOrderSort (0ms)
			DisableScriptedObjects (5ms)
			BackupInstance (0ms)
			ReleaseScriptingObjects (0ms)
			CreateAndSetChildDomain (38ms)
		EndReloadAssembly (782ms)
			LoadAssemblies (118ms)
			RebuildTransferFunctionScriptingTraits (0ms)
			SetupTypeCache (240ms)
			ReleaseScriptCaches (1ms)
			RebuildScriptCaches (32ms)
			SetupLoadedEditorAssemblies (366ms)
				LogAssemblyErrors (0ms)
				InitializePlatformSupportModulesInManaged (17ms)
				SetLoadedEditorAssemblies (0ms)
				RefreshPlugins (1ms)
				BeforeProcessingInitializeOnLoad (55ms)
				ProcessInitializeOnLoadAttributes (256ms)
				ProcessInitializeOnLoadMethodAttributes (27ms)
				AfterProcessingInitializeOnLoad (9ms)
				EditorAssembliesLoaded (0ms)
			ExecutionOrderSort2 (0ms)
			AwakeInstancesAfterBackupRestoration (8ms)
Platform modules already initialized, skipping
Refreshing native plugins compatible for Editor in 3.52 ms, found 7 plugins.
Preloading 1 native plugins for Editor in 0.12 ms.
Unloading 4644 Unused Serialized files (Serialized files now loaded: 0)
Unloading 50 unused Assets / (90.4 KB). Loaded Objects now: 5207.
Memory consumption went from 181.3 MB to 181.2 MB.
Total: 3.042400 ms (FindLiveObjects: 0.259300 ms CreateObjectMapping: 0.129900 ms MarkObjects: 2.532500 ms  DeleteObjects: 0.119500 ms)

AssetImportParameters requested are different than current active one (requested -> active):
  custom:video-decoder-ogg-theora: a1e56fd34408186e4bbccfd4996cb3dc -> 
  custom:container-muxer-webm: aa71ff27fc2769a1b78a27578f13a17b -> 
  custom:container-demuxer-webm: 4f35f7cbe854078d1ac9338744f61a02 -> 
  custom:video-encoder-webm-vp8: eb34c28f22e8b96e1ab97ce403110664 -> 
  custom:video-codec-MediaFoundation-h265: 746d11721c4dcdbdad8f713fa42b33f4 -> 
  custom:audio-encoder-webm-vorbis: bf7c407c2cedff20999df2af8eb42d56 -> 
  custom:framework-win-MediaFoundation: 216162199b28c13a410421893ffa2e32 -> 
  custom:container-demuxer-ogg: 62fdf1f143b41e24485cea50d1cbac27 -> 
  custom:video-decoder-webm-vp8: 9c59270c3fd7afecdb556c50c9e8de78 -> 
  custom:audio-decoder-ogg-vorbis: bf7c407c2cedff20999df2af8eb42d56 -> 
========================================================================
Received Import Request.
  Time since last request: 51.001082 seconds.
  path: Assets/Scenes/Login.unity
  artifactKey: Guid(b4da61e703d94474ba53ad3113b48983) Importer(815301076,1909f56bfc062723c751e8b465ee728b)
Start importing Assets/Scenes/Login.unity using Guid(b4da61e703d94474ba53ad3113b48983) Importer(815301076,1909f56bfc062723c751e8b465ee728b)  -> (artifact id: 'eba25647553b06664e5b1fd7c4aa18c4') in 0.007573 seconds 
========================================================================
Received Import Request.
  Time since last request: 93.979702 seconds.
  path: Assets/_Creepy_Cat/_3D Showroom Level Kit Vol 2/_Meshes/Materials/World.mat
  artifactKey: Guid(d1937490e589340528ed7f234801707e) Importer(815301076,1909f56bfc062723c751e8b465ee728b)
Start importing Assets/_Creepy_Cat/_3D Showroom Level Kit Vol 2/_Meshes/Materials/World.mat using Guid(d1937490e589340528ed7f234801707e) Importer(815301076,1909f56bfc062723c751e8b465ee728b)  -> (artifact id: 'b8854137dba3ac6186c791ddd2ffa130') in 0.153620 seconds 
========================================================================
Received Import Request.
  Time since last request: 0.000022 seconds.
  path: Assets/OfficeInteriors/Src/scene2/Materials/WoodSol.mat
  artifactKey: Guid(a09658610c6d82444a56a03120c87042) Importer(815301076,1909f56bfc062723c751e8b465ee728b)
Start importing Assets/OfficeInteriors/Src/scene2/Materials/WoodSol.mat using Guid(a09658610c6d82444a56a03120c87042) Importer(815301076,1909f56bfc062723c751e8b465ee728b)  -> (artifact id: '79ff141c53aea282388cd8281dd806cd') in 0.108006 seconds 
========================================================================
Received Import Request.
  Time since last request: 0.000029 seconds.
  path: Assets/OfficeInteriors/Src/scene2/Materials/WoodFine0033_15_S.mat
  artifactKey: Guid(ca0439d6c20591f49ae433ac10379325) Importer(815301076,1909f56bfc062723c751e8b465ee728b)
Start importing Assets/OfficeInteriors/Src/scene2/Materials/WoodFine0033_15_S.mat using Guid(ca0439d6c20591f49ae433ac10379325) Importer(815301076,1909f56bfc062723c751e8b465ee728b)  -> (artifact id: '3d3bd29083822ad952bdbb28eb291918') in 0.081480 seconds 
========================================================================
Received Import Request.
  Time since last request: 0.035974 seconds.
  path: Assets/OfficeInteriors/Src/scene1/Materials/WoodFine0031_10_S.mat
  artifactKey: Guid(257afb98608425f4ab8c9f42a2ef4123) Importer(815301076,1909f56bfc062723c751e8b465ee728b)
Start importing Assets/OfficeInteriors/Src/scene1/Materials/WoodFine0031_10_S.mat using Guid(257afb98608425f4ab8c9f42a2ef4123) Importer(815301076,1909f56bfc062723c751e8b465ee728b)  -> (artifact id: 'bcf649fadc025b53e29cf11bee540f7b') in 0.060431 seconds 
========================================================================
Received Import Request.
  Time since last request: 0.000026 seconds.
  path: Assets/OfficeInteriors/Src/scene2/Materials/woodBump.mat
  artifactKey: Guid(16cd1710325aada42a1f2f22b924d61f) Importer(815301076,1909f56bfc062723c751e8b465ee728b)
Start importing Assets/OfficeInteriors/Src/scene2/Materials/woodBump.mat using Guid(16cd1710325aada42a1f2f22b924d61f) Importer(815301076,1909f56bfc062723c751e8b465ee728b)  -> (artifact id: 'a5bcd031a8e05128bad9408e5ab20858') in 0.063101 seconds 
========================================================================
Received Import Request.
  Time since last request: 0.000019 seconds.
  path: Assets/OfficeInteriors/Src/scene4/Materials/WoodFine0010_S.mat
  artifactKey: Guid(a2efcfe3cb2dba544bb1392d5d988e45) Importer(815301076,1909f56bfc062723c751e8b465ee728b)
Start importing Assets/OfficeInteriors/Src/scene4/Materials/WoodFine0010_S.mat using Guid(a2efcfe3cb2dba544bb1392d5d988e45) Importer(815301076,1909f56bfc062723c751e8b465ee728b)  -> (artifact id: '4423ac15b3271e0a739029ddf561b387') in 0.008546 seconds 
========================================================================
Received Import Request.
  Time since last request: 0.000043 seconds.
  path: Assets/XRAvatar/Resources/Avatars/6339988df7c041de63434108.glb
  artifactKey: Guid(8ac1445b18d76de439200ecf720267b9) Importer(815301076,1909f56bfc062723c751e8b465ee728b)
Start importing Assets/XRAvatar/Resources/Avatars/6339988df7c041de63434108.glb using Guid(8ac1445b18d76de439200ecf720267b9) Importer(815301076,1909f56bfc062723c751e8b465ee728b)  -> (artifact id: 'f3404f12137c14b2d5751ab7d2109563') in 0.409613 seconds 
========================================================================
Received Import Request.
  Time since last request: 0.343024 seconds.
  path: Assets/OfficeInteriors/Src/scene3/Materials/windows2.mat
  artifactKey: Guid(2f73464359c8a0249a1f049bd4e0ad94) Importer(815301076,1909f56bfc062723c751e8b465ee728b)
Start importing Assets/OfficeInteriors/Src/scene3/Materials/windows2.mat using Guid(2f73464359c8a0249a1f049bd4e0ad94) Importer(815301076,1909f56bfc062723c751e8b465ee728b)  -> (artifact id: '9574185b66d77528d5faa0fd0cde831b') in 0.057080 seconds 
========================================================================
Received Import Request.
  Time since last request: 0.000025 seconds.
  path: Assets/OfficeInteriors/Src/scene2/Materials/windows.mat
  artifactKey: Guid(e345f2656733a994cbc4dc507a0a7cc6) Importer(815301076,1909f56bfc062723c751e8b465ee728b)
Start importing Assets/OfficeInteriors/Src/scene2/Materials/windows.mat using Guid(e345f2656733a994cbc4dc507a0a7cc6) Importer(815301076,1909f56bfc062723c751e8b465ee728b)  -> (artifact id: '14fab513047a07e65a955deeca04d9cf') in 0.078345 seconds 
========================================================================
Received Import Request.
  Time since last request: 0.297203 seconds.
  path: Assets/OfficeInteriors/Src/scene4/Materials/white.mat
  artifactKey: Guid(26394333b97084a4a82f7be4e6aa1f51) Importer(815301076,1909f56bfc062723c751e8b465ee728b)
Start importing Assets/OfficeInteriors/Src/scene4/Materials/white.mat using Guid(26394333b97084a4a82f7be4e6aa1f51) Importer(815301076,1909f56bfc062723c751e8b465ee728b)  -> (artifact id: '762d2bae2dbb50930d401b8902c70507') in 0.010213 seconds 
========================================================================
Received Import Request.
  Time since last request: 0.048092 seconds.
  path: Assets/OfficeInteriors/Src/scene1/Materials/vitre_rebord.mat
  artifactKey: Guid(88581cab7554c044ab7d9381f5551646) Importer(815301076,1909f56bfc062723c751e8b465ee728b)
Start importing Assets/OfficeInteriors/Src/scene1/Materials/vitre_rebord.mat using Guid(88581cab7554c044ab7d9381f5551646) Importer(815301076,1909f56bfc062723c751e8b465ee728b)  -> (artifact id: '0c00b616e448502f67f43c9d6e209501') in 0.057849 seconds 
========================================================================
Received Import Request.
  Time since last request: 0.000031 seconds.
  path: Assets/OfficeInteriors/Src/scene2/Materials/vitre.mat
  artifactKey: Guid(337b1b8ba1c917445ad82f97b4beb28b) Importer(815301076,1909f56bfc062723c751e8b465ee728b)
Start importing Assets/OfficeInteriors/Src/scene2/Materials/vitre.mat using Guid(337b1b8ba1c917445ad82f97b4beb28b) Importer(815301076,1909f56bfc062723c751e8b465ee728b)  -> (artifact id: '491e1e39fc99df2ac35fbfb04e307244') in 0.067688 seconds 
========================================================================
Received Import Request.
  Time since last request: 0.000035 seconds.
  path: Assets/OfficeInteriors/Src/scene2/Materials/tissu4.mat
  artifactKey: Guid(438fbf7b01b97534bbeb2191deadfec4) Importer(815301076,1909f56bfc062723c751e8b465ee728b)
Start importing Assets/OfficeInteriors/Src/scene2/Materials/tissu4.mat using Guid(438fbf7b01b97534bbeb2191deadfec4) Importer(815301076,1909f56bfc062723c751e8b465ee728b)  -> (artifact id: '2ea7453b61c8da2c6f350fafd33b44dc') in 0.065770 seconds 
========================================================================
Received Import Request.
  Time since last request: 0.000016 seconds.
  path: Assets/_Creepy_Cat/_3D Showroom Level Kit Vol 2/_Meshes/Materials/Txt_Message.mat
  artifactKey: Guid(7dbead25a984743b5af3fe1e9c0d0abd) Importer(815301076,1909f56bfc062723c751e8b465ee728b)
Start importing Assets/_Creepy_Cat/_3D Showroom Level Kit Vol 2/_Meshes/Materials/Txt_Message.mat using Guid(7dbead25a984743b5af3fe1e9c0d0abd) Importer(815301076,1909f56bfc062723c751e8b465ee728b)  -> (artifact id: '409679bf6523fd01ed7bfbf1a613018c') in 0.011638 seconds 
========================================================================
Received Import Request.
  Time since last request: 0.000034 seconds.
  path: Assets/OfficeInteriors/Src/scene3/Materials/watch.mat
  artifactKey: Guid(7bb015cf450daad48926a2b2f6a72b66) Importer(815301076,1909f56bfc062723c751e8b465ee728b)
Start importing Assets/OfficeInteriors/Src/scene3/Materials/watch.mat using Guid(7bb015cf450daad48926a2b2f6a72b66) Importer(815301076,1909f56bfc062723c751e8b465ee728b)  -> (artifact id: 'b56bc8e36a7da95d246ef62a34f316aa') in 0.062963 seconds 
========================================================================
Received Import Request.
  Time since last request: 0.000028 seconds.
  path: Assets/OfficeInteriors/Src/scene3/Materials/TilesPlain0096_7_S.mat
  artifactKey: Guid(e41e2b810b06c934ca42e4f62a328acb) Importer(815301076,1909f56bfc062723c751e8b465ee728b)
Start importing Assets/OfficeInteriors/Src/scene3/Materials/TilesPlain0096_7_S.mat using Guid(e41e2b810b06c934ca42e4f62a328acb) Importer(815301076,1909f56bfc062723c751e8b465ee728b)  -> (artifact id: '4b4975a6c4ae1b5d6b3281064ea364b1') in 0.063822 seconds 
========================================================================
Received Import Request.
  Time since last request: 0.000021 seconds.
  path: Assets/OfficeInteriors/Src/scene1/Materials/vitre.mat
  artifactKey: Guid(62fe91d22ec2ead459fe1054eaed7159) Importer(815301076,1909f56bfc062723c751e8b465ee728b)
Start importing Assets/OfficeInteriors/Src/scene1/Materials/vitre.mat using Guid(62fe91d22ec2ead459fe1054eaed7159) Importer(815301076,1909f56bfc062723c751e8b465ee728b)  -> (artifact id: '2194b812f9b83976a90a292397d5c68a') in 0.069813 seconds 
========================================================================
Received Import Request.
  Time since last request: 0.000028 seconds.
  path: Assets/Prefabs/Materials/UrinarySystem_diffuse 1.mat
  artifactKey: Guid(44e90c4e280a1fe459f80bfd6ab666b7) Importer(815301076,1909f56bfc062723c751e8b465ee728b)
Start importing Assets/Prefabs/Materials/UrinarySystem_diffuse 1.mat using Guid(44e90c4e280a1fe459f80bfd6ab666b7) Importer(815301076,1909f56bfc062723c751e8b465ee728b)  -> (artifact id: 'bbfb0bd0a5317b91b4e9f416a43ba2c3') in 0.035264 seconds 
========================================================================
Received Import Request.
  Time since last request: 0.000017 seconds.
  path: Assets/OfficeInteriors/Src/scene1/Materials/tissu_rideau.mat
  artifactKey: Guid(0a95034dfd49cdb48b0cfa2d8aad67fe) Importer(815301076,1909f56bfc062723c751e8b465ee728b)
Start importing Assets/OfficeInteriors/Src/scene1/Materials/tissu_rideau.mat using Guid(0a95034dfd49cdb48b0cfa2d8aad67fe) Importer(815301076,1909f56bfc062723c751e8b465ee728b)  -> (artifact id: '0ba8c85c0e7db2747ad39b9de378bffe') in 0.068437 seconds 
========================================================================
Received Import Request.
  Time since last request: 0.000029 seconds.
  path: Assets/OfficeInteriors/Src/scene1/Materials/tissu_lampe.mat
  artifactKey: Guid(4925614482b7ff04dbdc7928f62427e6) Importer(815301076,1909f56bfc062723c751e8b465ee728b)
Start importing Assets/OfficeInteriors/Src/scene1/Materials/tissu_lampe.mat using Guid(4925614482b7ff04dbdc7928f62427e6) Importer(815301076,1909f56bfc062723c751e8b465ee728b)  -> (artifact id: '8e5bf61627c77247689515675bd40730') in 0.061195 seconds 
========================================================================
Received Import Request.
  Time since last request: 0.000024 seconds.
  path: Assets/OfficeInteriors/Src/scene4/Materials/text.mat
  artifactKey: Guid(8a487887fcdd5c146861bb83f11416d8) Importer(815301076,1909f56bfc062723c751e8b465ee728b)
Start importing Assets/OfficeInteriors/Src/scene4/Materials/text.mat using Guid(8a487887fcdd5c146861bb83f11416d8) Importer(815301076,1909f56bfc062723c751e8b465ee728b)  -> (artifact id: 'e872bd9196912be7ab46b2d6be471ffa') in 0.012336 seconds 
========================================================================
Received Import Request.
  Time since last request: 0.000044 seconds.
  path: Assets/HorrorEnvironment_Hospital/Materials/Walls&Floors/tiles_A.mat
  artifactKey: Guid(f970e648d1ee4ee42a50b96f5b5417a0) Importer(815301076,1909f56bfc062723c751e8b465ee728b)
Start importing Assets/HorrorEnvironment_Hospital/Materials/Walls&Floors/tiles_A.mat using Guid(f970e648d1ee4ee42a50b96f5b5417a0) Importer(815301076,1909f56bfc062723c751e8b465ee728b)  -> (artifact id: '6bf199a5703bc834e77675e5909818dd') in 0.107778 seconds 
========================================================================
Received Import Request.
  Time since last request: 0.000023 seconds.
  path: Assets/OfficeInteriors/Src/scene4/Materials/table.mat
  artifactKey: Guid(af54b122899a4a84bb98f221ea87733e) Importer(815301076,1909f56bfc062723c751e8b465ee728b)
Start importing Assets/OfficeInteriors/Src/scene4/Materials/table.mat using Guid(af54b122899a4a84bb98f221ea87733e) Importer(815301076,1909f56bfc062723c751e8b465ee728b)  -> (artifact id: 'ba714aac56f95bc0e47b15a568725d86') in 0.012262 seconds 
========================================================================
Received Import Request.
  Time since last request: 0.000041 seconds.
  path: Assets/OfficeInteriors/Src/scene1/Materials/tissu2.mat
  artifactKey: Guid(2a330bfda33cd9f41913efdf3bcd0b20) Importer(815301076,1909f56bfc062723c751e8b465ee728b)
Start importing Assets/OfficeInteriors/Src/scene1/Materials/tissu2.mat using Guid(2a330bfda33cd9f41913efdf3bcd0b20) Importer(815301076,1909f56bfc062723c751e8b465ee728b)  -> (artifact id: '5c3c836fe3498f3c893e82881c882a25') in 0.009908 seconds 
========================================================================
Received Import Request.
  Time since last request: 0.000046 seconds.
  path: Assets/OfficeInteriors/Src/scene2/Materials/tissu5.mat
  artifactKey: Guid(9d514e1b40473c94bbad86363c468f2a) Importer(815301076,1909f56bfc062723c751e8b465ee728b)
Start importing Assets/OfficeInteriors/Src/scene2/Materials/tissu5.mat using Guid(9d514e1b40473c94bbad86363c468f2a) Importer(815301076,1909f56bfc062723c751e8b465ee728b)  -> (artifact id: 'b773f3bc51416e60c438c03466a26c01') in 0.068375 seconds 
========================================================================
Received Import Request.
  Time since last request: 0.000026 seconds.
  path: Assets/OfficeInteriors/Src/scene1/Materials/tissu.mat
  artifactKey: Guid(ce740ab4d3eb25644a4915455807860e) Importer(815301076,1909f56bfc062723c751e8b465ee728b)
Start importing Assets/OfficeInteriors/Src/scene1/Materials/tissu.mat using Guid(ce740ab4d3eb25644a4915455807860e) Importer(815301076,1909f56bfc062723c751e8b465ee728b)  -> (artifact id: 'e38ab3961e615250ecdc39076392af31') in 0.013724 seconds 
========================================================================
Received Import Request.
  Time since last request: 0.000027 seconds.
  path: Assets/OfficeInteriors/Src/scene3/Materials/vitre.mat
  artifactKey: Guid(f1c158d640269e143946f26af8cdfcd0) Importer(815301076,1909f56bfc062723c751e8b465ee728b)
Start importing Assets/OfficeInteriors/Src/scene3/Materials/vitre.mat using Guid(f1c158d640269e143946f26af8cdfcd0) Importer(815301076,1909f56bfc062723c751e8b465ee728b)  -> (artifact id: 'af0259fa32cc0302edca1a045721968f') in 0.009648 seconds 
========================================================================
Received Import Request.
  Time since last request: 0.000024 seconds.
  path: Assets/HorrorEnvironment_Hospital/Materials/Walls&Floors/tiles_A_2.mat
  artifactKey: Guid(da7a7706682f4634796336b13f691a7e) Importer(815301076,1909f56bfc062723c751e8b465ee728b)
Start importing Assets/HorrorEnvironment_Hospital/Materials/Walls&Floors/tiles_A_2.mat using Guid(da7a7706682f4634796336b13f691a7e) Importer(815301076,1909f56bfc062723c751e8b465ee728b)  -> (artifact id: '49918fcd24351d83543ff13093ca08c7') in 0.016812 seconds 
========================================================================
Received Import Request.
  Time since last request: 0.000023 seconds.
  path: Assets/OfficeInteriors/Src/scene3/Materials/TilesPlain0096_7_2.mat
  artifactKey: Guid(d01f741bb7584ec48901dbbef2ba00d8) Importer(815301076,1909f56bfc062723c751e8b465ee728b)
Start importing Assets/OfficeInteriors/Src/scene3/Materials/TilesPlain0096_7_2.mat using Guid(d01f741bb7584ec48901dbbef2ba00d8) Importer(815301076,1909f56bfc062723c751e8b465ee728b)  -> (artifact id: '0c7ac6d5f4aac171cd72c28877ff6c2b') in 0.062078 seconds 
========================================================================
Received Import Request.
  Time since last request: 0.044040 seconds.
  path: Assets/OfficeInteriors/Standard Assets/Skyboxes/Sunny2 Skybox.mat
  artifactKey: Guid(da976b1a4f7ebb949b0f71341e4f1821) Importer(815301076,1909f56bfc062723c751e8b465ee728b)
Start importing Assets/OfficeInteriors/Standard Assets/Skyboxes/Sunny2 Skybox.mat using Guid(da976b1a4f7ebb949b0f71341e4f1821) Importer(815301076,1909f56bfc062723c751e8b465ee728b)  -> (artifact id: 'b8f3b567fa993099ea74bdf60a14d583') in 0.011676 seconds 
========================================================================
Received Import Request.
  Time since last request: 0.020141 seconds.
  path: Assets/OfficeInteriors/Src/scene2/Materials/styloMine.mat
  artifactKey: Guid(1b6acf740a35100448f3593f6eeeb00b) Importer(815301076,1909f56bfc062723c751e8b465ee728b)
Start importing Assets/OfficeInteriors/Src/scene2/Materials/styloMine.mat using Guid(1b6acf740a35100448f3593f6eeeb00b) Importer(815301076,1909f56bfc062723c751e8b465ee728b)  -> (artifact id: '5a466d7e243ada4121ffe98e6c2dfb03') in 0.062177 seconds 
========================================================================
Received Import Request.
  Time since last request: 0.000023 seconds.
  path: Assets/OfficeInteriors/Src/scene1/Materials/sol.mat
  artifactKey: Guid(b75c974be2a953642ae62269f750b8ba) Importer(815301076,1909f56bfc062723c751e8b465ee728b)
Start importing Assets/OfficeInteriors/Src/scene1/Materials/sol.mat using Guid(b75c974be2a953642ae62269f750b8ba) Importer(815301076,1909f56bfc062723c751e8b465ee728b)  -> (artifact id: 'd3e14794a4380c35b9af92f95e7cc038') in 0.065408 seconds 
========================================================================
Received Import Request.
  Time since last request: 0.000022 seconds.
  path: Assets/OfficeInteriors/Src/scene3/Materials/Standard_12.mat
  artifactKey: Guid(4b50d6311c166364e9b42efd9b62aced) Importer(815301076,1909f56bfc062723c751e8b465ee728b)
Start importing Assets/OfficeInteriors/Src/scene3/Materials/Standard_12.mat using Guid(4b50d6311c166364e9b42efd9b62aced) Importer(815301076,1909f56bfc062723c751e8b465ee728b)  -> (artifact id: 'aac30d0b6dc874876d6c974dcf13f8e2') in 0.009124 seconds 
========================================================================
Received Import Request.
  Time since last request: 0.000041 seconds.
  path: Assets/OfficeInteriors/Src/scene4/Materials/styloMine.mat
  artifactKey: Guid(3937efaddfc73ec44a9561e3262104ca) Importer(815301076,1909f56bfc062723c751e8b465ee728b)
Start importing Assets/OfficeInteriors/Src/scene4/Materials/styloMine.mat using Guid(3937efaddfc73ec44a9561e3262104ca) Importer(815301076,1909f56bfc062723c751e8b465ee728b)  -> (artifact id: '5fb7ce2fcc8faf0ee6d255263ae503f2') in 0.008517 seconds 
========================================================================
Received Import Request.
  Time since last request: 9.689742 seconds.
  path: Assets/OfficeInteriors/Src/scene3/Materials/SoilRough0058_5_S.mat
  artifactKey: Guid(931fb1a10703a2f428bdb7a8da9d20f8) Importer(815301076,1909f56bfc062723c751e8b465ee728b)
Start importing Assets/OfficeInteriors/Src/scene3/Materials/SoilRough0058_5_S.mat using Guid(931fb1a10703a2f428bdb7a8da9d20f8) Importer(815301076,1909f56bfc062723c751e8b465ee728b)  -> (artifact id: '78410a7e2daf0227ef81417177f3c483') in 0.088347 seconds 
========================================================================
Received Import Request.
  Time since last request: 0.742195 seconds.
  path: Assets/Prefabs/Materials/Skeleton_diffuse 1.mat
  artifactKey: Guid(913514037531cc94e92ac311d86b4722) Importer(815301076,1909f56bfc062723c751e8b465ee728b)
Start importing Assets/Prefabs/Materials/Skeleton_diffuse 1.mat using Guid(913514037531cc94e92ac311d86b4722) Importer(815301076,1909f56bfc062723c751e8b465ee728b)  -> (artifact id: '524e3b6c6733e98ec4895d42edbbefa4') in 0.017167 seconds 
========================================================================
Received Import Request.
  Time since last request: 0.037405 seconds.
  path: Assets/TextMesh Pro/Examples & Extras/Resources/Fonts & Materials/Roboto-Bold SDF.asset
  artifactKey: Guid(5302535af1044152a457ed104f1f4b91) Importer(815301076,1909f56bfc062723c751e8b465ee728b)
Start importing Assets/TextMesh Pro/Examples & Extras/Resources/Fonts & Materials/Roboto-Bold SDF.asset using Guid(5302535af1044152a457ed104f1f4b91) Importer(815301076,1909f56bfc062723c751e8b465ee728b)  -> (artifact id: 'd0ac075557bab7eed42f08ee570e5a43') in 0.037342 seconds 
========================================================================
Received Import Request.
  Time since last request: 0.000033 seconds.
  path: Assets/TextMesh Pro/Examples & Extras/Resources/Fonts & Materials/Roboto-Bold SDF - Surface.mat
  artifactKey: Guid(e6b276ec991f467aa14ef1f3cc665993) Importer(815301076,1909f56bfc062723c751e8b465ee728b)
Start importing Assets/TextMesh Pro/Examples & Extras/Resources/Fonts & Materials/Roboto-Bold SDF - Surface.mat using Guid(e6b276ec991f467aa14ef1f3cc665993) Importer(815301076,1909f56bfc062723c751e8b465ee728b)  -> (artifact id: '25d026b127ca07eab27f3817c512285a') in 0.017186 seconds 
========================================================================
Received Import Request.
  Time since last request: 2.504931 seconds.
  path: Assets/OfficeInteriors/Src/scene2/Materials/rideau.mat
  artifactKey: Guid(b1f6a6282dc22a94baa2224606498658) Importer(815301076,1909f56bfc062723c751e8b465ee728b)
Start importing Assets/OfficeInteriors/Src/scene2/Materials/rideau.mat using Guid(b1f6a6282dc22a94baa2224606498658) Importer(815301076,1909f56bfc062723c751e8b465ee728b)  -> (artifact id: 'be1989998dec7a5077136b468f8abc73') in 0.083259 seconds 
========================================================================
Received Import Request.
  Time since last request: 0.037491 seconds.
  path: Assets/HorrorEnvironment_Hospital/Materials/Misc/refractiveGlass.mat
  artifactKey: Guid(e7d3d3ec93295a946ad76eefcfde4b9b) Importer(815301076,1909f56bfc062723c751e8b465ee728b)
Start importing Assets/HorrorEnvironment_Hospital/Materials/Misc/refractiveGlass.mat using Guid(e7d3d3ec93295a946ad76eefcfde4b9b) Importer(815301076,1909f56bfc062723c751e8b465ee728b)  -> (artifact id: '2cec8d22d68bcfbdcb8d3bca8f0d32fa') in 0.019530 seconds 
========================================================================
Received Import Request.
  Time since last request: 1.203211 seconds.
  path: Assets/_Creepy_Cat/_3D Showroom Level Kit Vol 2/_Textures/Materials/Raster_01.mat
  artifactKey: Guid(f155e7e9008f54562bf6e36b00c98bd3) Importer(815301076,1909f56bfc062723c751e8b465ee728b)
Start importing Assets/_Creepy_Cat/_3D Showroom Level Kit Vol 2/_Textures/Materials/Raster_01.mat using Guid(f155e7e9008f54562bf6e36b00c98bd3) Importer(815301076,1909f56bfc062723c751e8b465ee728b)  -> (artifact id: 'b46ac8d1d52364c88f82dfa052fc4fd6') in 0.010255 seconds 
========================================================================
Received Import Request.
  Time since last request: 0.031895 seconds.
  path: Assets/OfficeInteriors/Src/scene4/Materials/pot.mat
  artifactKey: Guid(09b96a4cee59c2b418a82e0fd9c94b26) Importer(815301076,1909f56bfc062723c751e8b465ee728b)
Start importing Assets/OfficeInteriors/Src/scene4/Materials/pot.mat using Guid(09b96a4cee59c2b418a82e0fd9c94b26) Importer(815301076,1909f56bfc062723c751e8b465ee728b)  -> (artifact id: '99d2f83a45165f6b48aaf54e394923ba') in 0.009873 seconds 
========================================================================
Received Import Request.
  Time since last request: 0.031985 seconds.
  path: Assets/OfficeInteriors/Src/scene3/Materials/PorteBandeBlanche.mat
  artifactKey: Guid(d54457a6d93bdb544a23546ab3ae0e40) Importer(815301076,1909f56bfc062723c751e8b465ee728b)
Start importing Assets/OfficeInteriors/Src/scene3/Materials/PorteBandeBlanche.mat using Guid(d54457a6d93bdb544a23546ab3ae0e40) Importer(815301076,1909f56bfc062723c751e8b465ee728b)  -> (artifact id: '9d044cabf476b39cf22b7b27892aaec6') in 0.076034 seconds 
========================================================================
Received Import Request.
  Time since last request: 0.330699 seconds.
  path: Assets/OfficeInteriors/Src/scene4/Materials/plasticVert.mat
  artifactKey: Guid(8bb18906c6a163a41a9aa13368a357f2) Importer(815301076,1909f56bfc062723c751e8b465ee728b)
Start importing Assets/OfficeInteriors/Src/scene4/Materials/plasticVert.mat using Guid(8bb18906c6a163a41a9aa13368a357f2) Importer(815301076,1909f56bfc062723c751e8b465ee728b)  -> (artifact id: 'ff3fb0200af172a565baca5cd9b00403') in 0.010523 seconds 
========================================================================
Received Import Request.
  Time since last request: 0.053872 seconds.
  path: Assets/OfficeInteriors/Src/scene2/Materials/plasticTransparentBlanc.mat
  artifactKey: Guid(0fb0afeaf250b3248941d3d2c7d917da) Importer(815301076,1909f56bfc062723c751e8b465ee728b)
Start importing Assets/OfficeInteriors/Src/scene2/Materials/plasticTransparentBlanc.mat using Guid(0fb0afeaf250b3248941d3d2c7d917da) Importer(815301076,1909f56bfc062723c751e8b465ee728b)  -> (artifact id: 'd042ca6da0b36a1cbb3509efbd2bfa89') in 0.010081 seconds 
========================================================================
Received Import Request.
  Time since last request: 0.000031 seconds.
  path: Assets/OfficeInteriors/Src/scene3/Materials/plasticTransparent.mat
  artifactKey: Guid(0ced4f5b55c92c74988d5b1e0862e544) Importer(815301076,1909f56bfc062723c751e8b465ee728b)
Start importing Assets/OfficeInteriors/Src/scene3/Materials/plasticTransparent.mat using Guid(0ced4f5b55c92c74988d5b1e0862e544) Importer(815301076,1909f56bfc062723c751e8b465ee728b)  -> (artifact id: '3242ee2086c6a8b24308b2507365217d') in 0.060950 seconds 
========================================================================
Received Import Request.
  Time since last request: 0.418665 seconds.
  path: Assets/OfficeInteriors/Src/scene4/Materials/plasticrouge.mat
  artifactKey: Guid(c0c548ebe36bfa649ad3d489c7372791) Importer(815301076,1909f56bfc062723c751e8b465ee728b)
Start importing Assets/OfficeInteriors/Src/scene4/Materials/plasticrouge.mat using Guid(c0c548ebe36bfa649ad3d489c7372791) Importer(815301076,1909f56bfc062723c751e8b465ee728b)  -> (artifact id: 'e97cdbdca7dfa98024059867a4299049') in 0.010500 seconds 
========================================================================
Received Import Request.
  Time since last request: 0.048523 seconds.
  path: Assets/OfficeInteriors/Src/scene3/Materials/plasticGris.mat
  artifactKey: Guid(40a62fd08cf4ec4438cfa7808e858df7) Importer(815301076,1909f56bfc062723c751e8b465ee728b)
Start importing Assets/OfficeInteriors/Src/scene3/Materials/plasticGris.mat using Guid(40a62fd08cf4ec4438cfa7808e858df7) Importer(815301076,1909f56bfc062723c751e8b465ee728b)  -> (artifact id: '6ba4d0710bcdcb86e89f251ed3c9e682') in 0.008868 seconds 
========================================================================
Received Import Request.
  Time since last request: 0.000019 seconds.
  path: Assets/OfficeInteriors/Src/scene3/Materials/plasticBleu.mat
  artifactKey: Guid(af5c7149f3eb0c041914de188a68368f) Importer(815301076,1909f56bfc062723c751e8b465ee728b)
Start importing Assets/OfficeInteriors/Src/scene3/Materials/plasticBleu.mat using Guid(af5c7149f3eb0c041914de188a68368f) Importer(815301076,1909f56bfc062723c751e8b465ee728b)  -> (artifact id: '9ee2cfe1c917d04638a316c2aeba69a8') in 0.099779 seconds 
========================================================================
Received Import Request.
  Time since last request: 0.000023 seconds.
  path: Assets/OfficeInteriors/Src/scene2/Materials/plasticBleu.mat
  artifactKey: Guid(0335a35580acdbb4dbe243a822ed2abf) Importer(815301076,1909f56bfc062723c751e8b465ee728b)
Start importing Assets/OfficeInteriors/Src/scene2/Materials/plasticBleu.mat using Guid(0335a35580acdbb4dbe243a822ed2abf) Importer(815301076,1909f56bfc062723c751e8b465ee728b)  -> (artifact id: 'cadd3a80b4ba2c503a294cc9be7d3d0e') in 0.009765 seconds 
========================================================================
Received Import Request.
  Time since last request: 0.000033 seconds.
  path: Assets/OfficeInteriors/Src/scene2/Materials/plasticBlanc.mat
  artifactKey: Guid(8172ee6d9d273a94dacf04e90e4d5c5a) Importer(815301076,1909f56bfc062723c751e8b465ee728b)
Start importing Assets/OfficeInteriors/Src/scene2/Materials/plasticBlanc.mat using Guid(8172ee6d9d273a94dacf04e90e4d5c5a) Importer(815301076,1909f56bfc062723c751e8b465ee728b)  -> (artifact id: '11809389821c820cac5a19f04aeba02b') in 0.072534 seconds 
========================================================================
Received Import Request.
  Time since last request: 0.315054 seconds.
  path: Assets/_Creepy_Cat/_3D Showroom Level Kit Vol 2/_Meshes/Materials/Plasma_Scren_01.mat
  artifactKey: Guid(ad936a363f353401b91a14e15b337e1b) Importer(815301076,1909f56bfc062723c751e8b465ee728b)
Start importing Assets/_Creepy_Cat/_3D Showroom Level Kit Vol 2/_Meshes/Materials/Plasma_Scren_01.mat using Guid(ad936a363f353401b91a14e15b337e1b) Importer(815301076,1909f56bfc062723c751e8b465ee728b)  -> (artifact id: 'cde5e332b278b6b12ab77c84dd143e9e') in 0.174407 seconds 
========================================================================
Received Import Request.
  Time since last request: 0.000027 seconds.
  path: Assets/OfficeInteriors/Src/scene1/Materials/peinture3.mat
  artifactKey: Guid(e39d8d76b51b51a499a7e4abb59389c3) Importer(815301076,1909f56bfc062723c751e8b465ee728b)
Start importing Assets/OfficeInteriors/Src/scene1/Materials/peinture3.mat using Guid(e39d8d76b51b51a499a7e4abb59389c3) Importer(815301076,1909f56bfc062723c751e8b465ee728b)  -> (artifact id: 'c668489eb708ba82666bb8ff4dcf6d10') in 0.081052 seconds 
========================================================================
Received Import Request.
  Time since last request: 0.000035 seconds.
  path: Assets/OfficeInteriors/Src/scene4/Materials/paper.mat
  artifactKey: Guid(d0db115347b2ac6439598ee6d477a5cb) Importer(815301076,1909f56bfc062723c751e8b465ee728b)
Start importing Assets/OfficeInteriors/Src/scene4/Materials/paper.mat using Guid(d0db115347b2ac6439598ee6d477a5cb) Importer(815301076,1909f56bfc062723c751e8b465ee728b)  -> (artifact id: '9f016366734ee958310728e4871f07cc') in 0.008073 seconds 
========================================================================
Received Import Request.
  Time since last request: 0.000025 seconds.
  path: Assets/TextMesh Pro/Examples & Extras/Resources/Fonts & Materials/Oswald Bold SDF.asset
  artifactKey: Guid(0161d805a3764c089bef00bfe00793f5) Importer(815301076,1909f56bfc062723c751e8b465ee728b)
Start importing Assets/TextMesh Pro/Examples & Extras/Resources/Fonts & Materials/Oswald Bold SDF.asset using Guid(0161d805a3764c089bef00bfe00793f5) Importer(815301076,1909f56bfc062723c751e8b465ee728b)  -> (artifact id: '57dd7bf0173e5d38c1ea8f7455cb1346') in 0.020140 seconds 
========================================================================
Received Import Request.
  Time since last request: 0.000021 seconds.
  path: Assets/Plugins/Wolf3D Ready Player Me SDK/Resources/Animations/Female/FemaleAnimationTargetV2@Breathing Idle.fbx
  artifactKey: Guid(0547bc578d864f24695aa9c191a7a8f2) Importer(815301076,1909f56bfc062723c751e8b465ee728b)
Start importing Assets/Plugins/Wolf3D Ready Player Me SDK/Resources/Animations/Female/FemaleAnimationTargetV2@Breathing Idle.fbx using Guid(0547bc578d864f24695aa9c191a7a8f2) Importer(815301076,1909f56bfc062723c751e8b465ee728b)  -> (artifact id: '20694695d96f6f553f01e24febdec501') in 0.041637 seconds 
========================================================================
Received Import Request.
  Time since last request: 0.000026 seconds.
  path: Assets/HorrorEnvironment_Hospital/Materials/Props/picture_A.mat
  artifactKey: Guid(2e2b419eeb8a61c4da30fe93dc2f549d) Importer(815301076,1909f56bfc062723c751e8b465ee728b)
Start importing Assets/HorrorEnvironment_Hospital/Materials/Props/picture_A.mat using Guid(2e2b419eeb8a61c4da30fe93dc2f549d) Importer(815301076,1909f56bfc062723c751e8b465ee728b)  -> (artifact id: '54685f1d2cb5bd46abaf03e04223cdba') in 0.011783 seconds 
========================================================================
Received Import Request.
  Time since last request: 0.000027 seconds.
  path: Assets/OfficeInteriors/Src/scene3/Materials/phone.mat
  artifactKey: Guid(c216610c01f7c3f429ba96a6be9cf470) Importer(815301076,1909f56bfc062723c751e8b465ee728b)
Start importing Assets/OfficeInteriors/Src/scene3/Materials/phone.mat using Guid(c216610c01f7c3f429ba96a6be9cf470) Importer(815301076,1909f56bfc062723c751e8b465ee728b)  -> (artifact id: '3c7b8c9b767a491bd67756cf7baedf62') in 0.012862 seconds 
========================================================================
Received Import Request.
  Time since last request: 0.329768 seconds.
  path: Assets/Plugins/Wolf3D Ready Player Me SDK/Resources/Animations/Male/MaleAnimationTargetV2@Walking.fbx
  artifactKey: Guid(da6bb010f873d5b4a9ef0f47bdcbde1e) Importer(815301076,1909f56bfc062723c751e8b465ee728b)
Start importing Assets/Plugins/Wolf3D Ready Player Me SDK/Resources/Animations/Male/MaleAnimationTargetV2@Walking.fbx using Guid(da6bb010f873d5b4a9ef0f47bdcbde1e) Importer(815301076,1909f56bfc062723c751e8b465ee728b)  -> (artifact id: '29843f56f4c4ef5d71f0211c9565f3c1') in 0.047266 seconds 
========================================================================
Received Import Request.
  Time since last request: 0.050056 seconds.
  path: Assets/Prefabs/Materials/Nervous_Cerebrum_Multicolor4.mat
  artifactKey: Guid(ecbae970dbf7e7240bbf379136b92942) Importer(815301076,1909f56bfc062723c751e8b465ee728b)
Start importing Assets/Prefabs/Materials/Nervous_Cerebrum_Multicolor4.mat using Guid(ecbae970dbf7e7240bbf379136b92942) Importer(815301076,1909f56bfc062723c751e8b465ee728b)  -> (artifact id: 'c3058e89507b727aaedbeb9440005f68') in 0.008127 seconds 
========================================================================
Received Import Request.
  Time since last request: 0.331979 seconds.
  path: Assets/Prefabs/Materials/Nervous_Cerebrum_Multicolor1.mat
  artifactKey: Guid(13adbabde6372f04ebd6ab1b9c15fba6) Importer(815301076,1909f56bfc062723c751e8b465ee728b)
Start importing Assets/Prefabs/Materials/Nervous_Cerebrum_Multicolor1.mat using Guid(13adbabde6372f04ebd6ab1b9c15fba6) Importer(815301076,1909f56bfc062723c751e8b465ee728b)  -> (artifact id: '22aed59edff82d608be01aa704830812') in 0.007803 seconds 
========================================================================
Received Import Request.
  Time since last request: 0.048230 seconds.
  path: Assets/_Creepy_Cat/_3D Showroom Level Kit Vol 2/_Meshes/Materials/Neon_01.mat
  artifactKey: Guid(cc318a127cf07492598dd3f2bcb07a6b) Importer(815301076,1909f56bfc062723c751e8b465ee728b)
Start importing Assets/_Creepy_Cat/_3D Showroom Level Kit Vol 2/_Meshes/Materials/Neon_01.mat using Guid(cc318a127cf07492598dd3f2bcb07a6b) Importer(815301076,1909f56bfc062723c751e8b465ee728b)  -> (artifact id: 'df74474fae124d056147d2ad94620412') in 0.021023 seconds 
========================================================================
Received Import Request.
  Time since last request: 0.034283 seconds.
  path: Assets/OfficeInteriors/Src/scene1/Materials/mur_light.mat
  artifactKey: Guid(ed269374e00ea984ea74f80b2ab646d0) Importer(815301076,1909f56bfc062723c751e8b465ee728b)
Start importing Assets/OfficeInteriors/Src/scene1/Materials/mur_light.mat using Guid(ed269374e00ea984ea74f80b2ab646d0) Importer(815301076,1909f56bfc062723c751e8b465ee728b)  -> (artifact id: '6fffaaf2fe300d9bcb808c5327541ac6') in 0.063805 seconds 
========================================================================
Received Import Request.
  Time since last request: 0.238548 seconds.
  path: Assets/OfficeInteriors/Src/scene1/Materials/mur_gris.mat
  artifactKey: Guid(10aed368a99840c478aa4309e3ea08d2) Importer(815301076,1909f56bfc062723c751e8b465ee728b)
Start importing Assets/OfficeInteriors/Src/scene1/Materials/mur_gris.mat using Guid(10aed368a99840c478aa4309e3ea08d2) Importer(815301076,1909f56bfc062723c751e8b465ee728b)  -> (artifact id: 'a053cebd0f44192e2fece9d8a983c5f5') in 0.093467 seconds 
========================================================================
Received Import Request.
  Time since last request: 0.000036 seconds.
  path: Assets/OfficeInteriors/Src/scene3/Materials/MetalNoir.mat
  artifactKey: Guid(2f1fafbf10154ba4082c308f09a54b59) Importer(815301076,1909f56bfc062723c751e8b465ee728b)
Start importing Assets/OfficeInteriors/Src/scene3/Materials/MetalNoir.mat using Guid(2f1fafbf10154ba4082c308f09a54b59) Importer(815301076,1909f56bfc062723c751e8b465ee728b)  -> (artifact id: 'c28cfab83e42fe52558a52fb61d96280') in 0.064046 seconds 
========================================================================
Received Import Request.
  Time since last request: 0.000034 seconds.
  path: Assets/OfficeInteriors/Src/scene1/Materials/meuble_gris.mat
  artifactKey: Guid(1c5e2743b374d0e44a3e3831b4ae189d) Importer(815301076,1909f56bfc062723c751e8b465ee728b)
Start importing Assets/OfficeInteriors/Src/scene1/Materials/meuble_gris.mat using Guid(1c5e2743b374d0e44a3e3831b4ae189d) Importer(815301076,1909f56bfc062723c751e8b465ee728b)  -> (artifact id: 'ccd3831f7975135485cf653b9028ff4e') in 0.061809 seconds 
========================================================================
Received Import Request.
  Time since last request: 0.176595 seconds.
  path: Assets/OfficeInteriors/Src/scene3/Materials/metalBlanc.mat
  artifactKey: Guid(0729f27f66f1c63409c9189edb36b8ee) Importer(815301076,1909f56bfc062723c751e8b465ee728b)
Start importing Assets/OfficeInteriors/Src/scene3/Materials/metalBlanc.mat using Guid(0729f27f66f1c63409c9189edb36b8ee) Importer(815301076,1909f56bfc062723c751e8b465ee728b)  -> (artifact id: 'bc9ed6b5a1a8f6bace0dbfaf829c03ba') in 0.067296 seconds 
========================================================================
Received Import Request.
  Time since last request: 6.597926 seconds.
  path: Assets/OfficeInteriors/Src/scene2/Materials/logoEmployed.mat
  artifactKey: Guid(fcefae21bd6aa3148b2c0fd6a390111d) Importer(815301076,1909f56bfc062723c751e8b465ee728b)
Start importing Assets/OfficeInteriors/Src/scene2/Materials/logoEmployed.mat using Guid(fcefae21bd6aa3148b2c0fd6a390111d) Importer(815301076,1909f56bfc062723c751e8b465ee728b)  -> (artifact id: 'a801df3015909897a112062a400987f9') in 0.065007 seconds 
========================================================================
Received Import Request.
  Time since last request: 0.020726 seconds.
  path: Assets/OfficeInteriors/Src/scene3/Materials/light.mat
  artifactKey: Guid(fafee7d0c2cdff747a9a46b1d8f3aa50) Importer(815301076,1909f56bfc062723c751e8b465ee728b)
Start importing Assets/OfficeInteriors/Src/scene3/Materials/light.mat using Guid(fafee7d0c2cdff747a9a46b1d8f3aa50) Importer(815301076,1909f56bfc062723c751e8b465ee728b)  -> (artifact id: '8d6f22f1341356939090148635e16702') in 0.084513 seconds 
========================================================================
Received Import Request.
  Time since last request: 8.180710 seconds.
  path: Assets/OfficeInteriors/Src/scene2/Materials/liege.mat
  artifactKey: Guid(8676bb0b70000a24fb67401070c72edb) Importer(815301076,1909f56bfc062723c751e8b465ee728b)
Start importing Assets/OfficeInteriors/Src/scene2/Materials/liege.mat using Guid(8676bb0b70000a24fb67401070c72edb) Importer(815301076,1909f56bfc062723c751e8b465ee728b)  -> (artifact id: '712ff9d790495bb017200a4e6bdb3bc9') in 0.075402 seconds 
========================================================================
Received Import Request.
  Time since last request: 0.085400 seconds.
  path: Assets/TextMesh Pro/Examples & Extras/Resources/Fonts & Materials/LiberationSans SDF - Overlay.mat
  artifactKey: Guid(9ad269c99dcf42b7aedefd83dd5a7b9d) Importer(815301076,1909f56bfc062723c751e8b465ee728b)
Start importing Assets/TextMesh Pro/Examples & Extras/Resources/Fonts & Materials/LiberationSans SDF - Overlay.mat using Guid(9ad269c99dcf42b7aedefd83dd5a7b9d) Importer(815301076,1909f56bfc062723c751e8b465ee728b)  -> (artifact id: 'a3b5dfb382e7839011eb17cb4a3051f8') in 0.023580 seconds 
========================================================================
Received Import Request.
  Time since last request: 2.027039 seconds.
  path: Assets/TextMesh Pro/Examples & Extras/Resources/Fonts & Materials/LiberationSans SDF - Metalic Green.mat
  artifactKey: Guid(8b29aaa3eec7468097ff07adfcf29ac9) Importer(815301076,1909f56bfc062723c751e8b465ee728b)
Start importing Assets/TextMesh Pro/Examples & Extras/Resources/Fonts & Materials/LiberationSans SDF - Metalic Green.mat using Guid(8b29aaa3eec7468097ff07adfcf29ac9) Importer(815301076,1909f56bfc062723c751e8b465ee728b)  -> (artifact id: 'a160498c770908a49ca72c5076fed9ac') in 0.034382 seconds 
========================================================================
Received Import Request.
  Time since last request: 0.052240 seconds.
  path: Assets/_Creepy_Cat/_3D Showroom Level Kit Vol 2/_Meshes/Materials/Letters_Center_Bright.mat
  artifactKey: Guid(549ec1b5f371e4b6bab010d44e741e1b) Importer(815301076,1909f56bfc062723c751e8b465ee728b)
Start importing Assets/_Creepy_Cat/_3D Showroom Level Kit Vol 2/_Meshes/Materials/Letters_Center_Bright.mat using Guid(549ec1b5f371e4b6bab010d44e741e1b) Importer(815301076,1909f56bfc062723c751e8b465ee728b)  -> (artifact id: '4aff0f35b49cb45c0907e74d471bfed7') in 0.008016 seconds 
========================================================================
Received Import Request.
  Time since last request: 0.784533 seconds.
  path: Assets/_Creepy_Cat/_3D Showroom Level Kit Vol 2/_Meshes/Materials/Letters_Border.mat
  artifactKey: Guid(46ac6597d530a4b84a80fc3efe3944f3) Importer(815301076,1909f56bfc062723c751e8b465ee728b)
Start importing Assets/_Creepy_Cat/_3D Showroom Level Kit Vol 2/_Meshes/Materials/Letters_Border.mat using Guid(46ac6597d530a4b84a80fc3efe3944f3) Importer(815301076,1909f56bfc062723c751e8b465ee728b)  -> (artifact id: '3d598f57a69d932c225904d61c6bc478') in 0.008245 seconds 
========================================================================
Received Import Request.
  Time since last request: 0.059327 seconds.
  path: Assets/OfficeInteriors/Src/scene4/Materials/leaveTropical.mat
  artifactKey: Guid(4299a1eec99a013499a09dbbbe5d1f6c) Importer(815301076,1909f56bfc062723c751e8b465ee728b)
Start importing Assets/OfficeInteriors/Src/scene4/Materials/leaveTropical.mat using Guid(4299a1eec99a013499a09dbbbe5d1f6c) Importer(815301076,1909f56bfc062723c751e8b465ee728b)  -> (artifact id: 'b9e2a136d3383d71a33f98eca0eeee76') in 0.013216 seconds 
========================================================================
Received Import Request.
  Time since last request: 0.563526 seconds.
  path: Assets/OfficeInteriors/Src/scene3/Materials/LeavesTropical0167_5_S.mat
  artifactKey: Guid(c5c4f4a8f0abfdf418081fef43e7cee2) Importer(815301076,1909f56bfc062723c751e8b465ee728b)
Start importing Assets/OfficeInteriors/Src/scene3/Materials/LeavesTropical0167_5_S.mat using Guid(c5c4f4a8f0abfdf418081fef43e7cee2) Importer(815301076,1909f56bfc062723c751e8b465ee728b)  -> (artifact id: 'b560c3618bfacfa7c304dba9bb3cdd64') in 0.018931 seconds 
========================================================================
Received Import Request.
  Time since last request: 0.057657 seconds.
  path: Assets/OfficeInteriors/Src/scene3/Materials/Leaves0045_5_S.mat
  artifactKey: Guid(2aba29d4ae27d474bbb62877b6ad5aa3) Importer(815301076,1909f56bfc062723c751e8b465ee728b)
Start importing Assets/OfficeInteriors/Src/scene3/Materials/Leaves0045_5_S.mat using Guid(2aba29d4ae27d474bbb62877b6ad5aa3) Importer(815301076,1909f56bfc062723c751e8b465ee728b)  -> (artifact id: 'ffe4faa5b6757bce73d323fac9b21f74') in 0.016581 seconds 
========================================================================
Received Import Request.
  Time since last request: 0.632868 seconds.
  path: Assets/OfficeInteriors/Src/scene4/Materials/Leaves2.mat
  artifactKey: Guid(53c03ea7239396a4ab19a8e60a986c08) Importer(815301076,1909f56bfc062723c751e8b465ee728b)
Start importing Assets/OfficeInteriors/Src/scene4/Materials/Leaves2.mat using Guid(53c03ea7239396a4ab19a8e60a986c08) Importer(815301076,1909f56bfc062723c751e8b465ee728b)  -> (artifact id: 'cec2794c8962fea50e8059fddf52a7e2') in 0.015162 seconds 
========================================================================
Received Import Request.
  Time since last request: 0.483808 seconds.
  path: Assets/OfficeInteriors/Src/scene4/Materials/leather_brown.mat
  artifactKey: Guid(b147c80ba8e3a744cbdb297eb30d5cfc) Importer(815301076,1909f56bfc062723c751e8b465ee728b)
Start importing Assets/OfficeInteriors/Src/scene4/Materials/leather_brown.mat using Guid(b147c80ba8e3a744cbdb297eb30d5cfc) Importer(815301076,1909f56bfc062723c751e8b465ee728b)  -> (artifact id: 'e7beb0ed6b6ca70a7f825734085d07be') in 0.010196 seconds 
========================================================================
Received Import Request.
  Time since last request: 0.537552 seconds.
  path: Assets/HorrorEnvironment_Hospital/Materials/Props/lamps_emit 1.mat
  artifactKey: Guid(bd28801e0247a1a4181706004aed8951) Importer(815301076,1909f56bfc062723c751e8b465ee728b)
Start importing Assets/HorrorEnvironment_Hospital/Materials/Props/lamps_emit 1.mat using Guid(bd28801e0247a1a4181706004aed8951) Importer(815301076,1909f56bfc062723c751e8b465ee728b)  -> (artifact id: 'e43c91b71b6f3c0d4585c59a8e1820e6') in 0.097697 seconds 
========================================================================
Received Import Request.
  Time since last request: 0.425139 seconds.
  path: Assets/HorrorEnvironment_Hospital/Materials/Props/lamps.mat
  artifactKey: Guid(40f71506bfb01544fa8c86b8f952bdb6) Importer(815301076,1909f56bfc062723c751e8b465ee728b)
Start importing Assets/HorrorEnvironment_Hospital/Materials/Props/lamps.mat using Guid(40f71506bfb01544fa8c86b8f952bdb6) Importer(815301076,1909f56bfc062723c751e8b465ee728b)  -> (artifact id: 'cf18e4fa9a68c0fcd420381e34f26ee3') in 0.014323 seconds 
========================================================================
Received Import Request.
  Time since last request: 0.729213 seconds.
  path: Assets/OfficeInteriors/Src/scene1/Materials/lampe_illu.mat
  artifactKey: Guid(f04c8eeace3acd341a8ca6cc105a87f4) Importer(815301076,1909f56bfc062723c751e8b465ee728b)
Start importing Assets/OfficeInteriors/Src/scene1/Materials/lampe_illu.mat using Guid(f04c8eeace3acd341a8ca6cc105a87f4) Importer(815301076,1909f56bfc062723c751e8b465ee728b)  -> (artifact id: '88d92b3d356e791385430a3bb0e90797') in 0.008558 seconds 
========================================================================
Received Import Request.
  Time since last request: 0.040752 seconds.
  path: Assets/HorrorEnvironment_Hospital/Materials/Misc/hospital_rubbish.mat
  artifactKey: Guid(6582ef2a8ed92b043a2f82196bf5d477) Importer(815301076,1909f56bfc062723c751e8b465ee728b)
Start importing Assets/HorrorEnvironment_Hospital/Materials/Misc/hospital_rubbish.mat using Guid(6582ef2a8ed92b043a2f82196bf5d477) Importer(815301076,1909f56bfc062723c751e8b465ee728b)  -> (artifact id: 'fd843fa91cdf87b9b398ea47f35aa38e') in 0.050937 seconds 
========================================================================
Received Import Request.
  Time since last request: 0.468076 seconds.
  path: Assets/Prefabs/Materials/Head_diffuse2 1.mat
  artifactKey: Guid(00c7d242482d60a43aab38dee7d3f2e8) Importer(815301076,1909f56bfc062723c751e8b465ee728b)
Start importing Assets/Prefabs/Materials/Head_diffuse2 1.mat using Guid(00c7d242482d60a43aab38dee7d3f2e8) Importer(815301076,1909f56bfc062723c751e8b465ee728b)  -> (artifact id: '66be1086bf779c988d2e37f3a6962490') in 0.022939 seconds 
========================================================================
Received Import Request.
  Time since last request: 0.027817 seconds.
  path: Assets/TextMesh Pro/Examples & Extras/Materials/Ground - Surface Shader Scene.mat
  artifactKey: Guid(aadd5a709a48466c887296bb5b1b8110) Importer(815301076,1909f56bfc062723c751e8b465ee728b)
Start importing Assets/TextMesh Pro/Examples & Extras/Materials/Ground - Surface Shader Scene.mat using Guid(aadd5a709a48466c887296bb5b1b8110) Importer(815301076,1909f56bfc062723c751e8b465ee728b)  -> (artifact id: '65af120e0bb23ae3385f98c534a2d4b5') in 0.014498 seconds 
========================================================================
Received Import Request.
  Time since last request: 0.000034 seconds.
  path: Assets/OfficeInteriors/Src/scene2/Materials/ground.mat
  artifactKey: Guid(f758fa2208f39a740955f08e886a3572) Importer(815301076,1909f56bfc062723c751e8b465ee728b)
Start importing Assets/OfficeInteriors/Src/scene2/Materials/ground.mat using Guid(f758fa2208f39a740955f08e886a3572) Importer(815301076,1909f56bfc062723c751e8b465ee728b)  -> (artifact id: '10de2a490351d2b3290f6b5c3ef5b7f0') in 0.055206 seconds 
========================================================================
Received Import Request.
  Time since last request: 1.579382 seconds.
  path: Assets/ScreenLogger/Example/Materials/Grid.mat
  artifactKey: Guid(05c91246f190d8042996f5ec820bfaf3) Importer(815301076,1909f56bfc062723c751e8b465ee728b)
Start importing Assets/ScreenLogger/Example/Materials/Grid.mat using Guid(05c91246f190d8042996f5ec820bfaf3) Importer(815301076,1909f56bfc062723c751e8b465ee728b)  -> (artifact id: '650e7ecf63fe3a05e1e617a6a4b79a53') in 0.014940 seconds 
========================================================================
Received Import Request.
  Time since last request: 0.036415 seconds.
  path: Assets/Photon/Fusion/Scripts/Prototyping/Materials/FusionPrototypeMaterialFloor.mat
  artifactKey: Guid(002db72054162e04b917e86a395e0a0f) Importer(815301076,1909f56bfc062723c751e8b465ee728b)
Start importing Assets/Photon/Fusion/Scripts/Prototyping/Materials/FusionPrototypeMaterialFloor.mat using Guid(002db72054162e04b917e86a395e0a0f) Importer(815301076,1909f56bfc062723c751e8b465ee728b)  -> (artifact id: '06accca2a016d6ef3bd6ec33b5f50aa5') in 0.012195 seconds 
========================================================================
Received Import Request.
  Time since last request: 0.027240 seconds.
  path: Assets/Photon/Fusion/Scripts/Prototyping/Materials/FusionPrototypeMaterialBox.mat
  artifactKey: Guid(2544ff8e0cb0b4649ad11a93d3259ffa) Importer(815301076,1909f56bfc062723c751e8b465ee728b)
Start importing Assets/Photon/Fusion/Scripts/Prototyping/Materials/FusionPrototypeMaterialBox.mat using Guid(2544ff8e0cb0b4649ad11a93d3259ffa) Importer(815301076,1909f56bfc062723c751e8b465ee728b)  -> (artifact id: 'ad50fab52b7c503734b9fb3452d023bd') in 0.013206 seconds 
========================================================================
Received Import Request.
  Time since last request: 0.035413 seconds.
  path: Assets/TextMesh Pro/Examples & Extras/Fonts/Oswald-Bold.ttf
  artifactKey: Guid(c9f6d0e7bc8541498c9a4799ba184ede) Importer(815301076,1909f56bfc062723c751e8b465ee728b)
Start importing Assets/TextMesh Pro/Examples & Extras/Fonts/Oswald-Bold.ttf using Guid(c9f6d0e7bc8541498c9a4799ba184ede) Importer(815301076,1909f56bfc062723c751e8b465ee728b)  -> (artifact id: '37e69ae790a4f3d4e42463e3a9ef95e6') in 0.020262 seconds 
========================================================================
Received Import Request.
  Time since last request: 0.033491 seconds.
  path: Assets/TextMesh Pro/Fonts/LiberationSans.ttf
  artifactKey: Guid(e3265ab4bf004d28a9537516768c1c75) Importer(815301076,1909f56bfc062723c751e8b465ee728b)
Start importing Assets/TextMesh Pro/Fonts/LiberationSans.ttf using Guid(e3265ab4bf004d28a9537516768c1c75) Importer(815301076,1909f56bfc062723c751e8b465ee728b)  -> (artifact id: '745be3531aef4d7903c2c043cabc52b6') in 0.015318 seconds 
========================================================================
Received Import Request.
  Time since last request: 0.029052 seconds.
  path: Assets/HorrorEnvironment_Hospital/Materials/Walls&Floors/floorRubbery.mat
  artifactKey: Guid(83602a6a966df0f4cb1aa4bcc5786a68) Importer(815301076,1909f56bfc062723c751e8b465ee728b)
Start importing Assets/HorrorEnvironment_Hospital/Materials/Walls&Floors/floorRubbery.mat using Guid(83602a6a966df0f4cb1aa4bcc5786a68) Importer(815301076,1909f56bfc062723c751e8b465ee728b)  -> (artifact id: '69569cac165df2ec9fa07c988d697838') in 0.016071 seconds 
========================================================================
Received Import Request.
  Time since last request: 0.368021 seconds.
  path: Assets/Skybox/Epic_BlueSunset/Epic_BlueSunset Equirect.mat
  artifactKey: Guid(8a23e04a6d8ff488480ac4ab0b5ceace) Importer(815301076,1909f56bfc062723c751e8b465ee728b)
Start importing Assets/Skybox/Epic_BlueSunset/Epic_BlueSunset Equirect.mat using Guid(8a23e04a6d8ff488480ac4ab0b5ceace) Importer(815301076,1909f56bfc062723c751e8b465ee728b)  -> (artifact id: '1a155c61cba94b8e920df953e8737c1d') in 0.059067 seconds 
========================================================================
Received Import Request.
  Time since last request: 0.044152 seconds.
  path: Assets/OfficeInteriors/Src/scene2/Materials/ecranPc.mat
  artifactKey: Guid(d1412fa98640aa044b21fc55e6dd8ae0) Importer(815301076,1909f56bfc062723c751e8b465ee728b)
Start importing Assets/OfficeInteriors/Src/scene2/Materials/ecranPc.mat using Guid(d1412fa98640aa044b21fc55e6dd8ae0) Importer(815301076,1909f56bfc062723c751e8b465ee728b)  -> (artifact id: 'b5fc8f3a0c99e3ea9bcfc9bd7884caa4') in 0.060693 seconds 
========================================================================
Received Import Request.
  Time since last request: 0.012496 seconds.
  path: Assets/HorrorEnvironment_Hospital/Materials/Misc/dummyLight.mat
  artifactKey: Guid(5ebb9e9f161f9d647880341c90da7cbc) Importer(815301076,1909f56bfc062723c751e8b465ee728b)
Start importing Assets/HorrorEnvironment_Hospital/Materials/Misc/dummyLight.mat using Guid(5ebb9e9f161f9d647880341c90da7cbc) Importer(815301076,1909f56bfc062723c751e8b465ee728b)  -> (artifact id: '9d39d5c22b79d4ef65b2ce638735770b') in 0.009791 seconds 
========================================================================
Received Import Request.
  Time since last request: 0.000040 seconds.
  path: Assets/OfficeInteriors/Src/scene3/Materials/dossierChaise.mat
  artifactKey: Guid(251cc4689fcdaeb4d807de29df4062f6) Importer(815301076,1909f56bfc062723c751e8b465ee728b)
Start importing Assets/OfficeInteriors/Src/scene3/Materials/dossierChaise.mat using Guid(251cc4689fcdaeb4d807de29df4062f6) Importer(815301076,1909f56bfc062723c751e8b465ee728b)  -> (artifact id: '09e89c04959e5825fa3b14b742e398b7') in 0.056333 seconds 
========================================================================
Received Import Request.
  Time since last request: 0.397386 seconds.
  path: Assets/HorrorEnvironment_Hospital/Materials/Doors/doors_B.mat
  artifactKey: Guid(f9a511a71756f32439455f3c45d0435d) Importer(815301076,1909f56bfc062723c751e8b465ee728b)
Start importing Assets/HorrorEnvironment_Hospital/Materials/Doors/doors_B.mat using Guid(f9a511a71756f32439455f3c45d0435d) Importer(815301076,1909f56bfc062723c751e8b465ee728b)  -> (artifact id: '8c649d0acb2af2d4e487ca1d56f6a4fb') in 0.015089 seconds 
========================================================================
Received Import Request.
  Time since last request: 0.038167 seconds.
  path: Assets/OfficeInteriors/Src/scene2/Materials/diffuseMur.mat
  artifactKey: Guid(3e4cb58634e749e479e83f5143369df3) Importer(815301076,1909f56bfc062723c751e8b465ee728b)
Start importing Assets/OfficeInteriors/Src/scene2/Materials/diffuseMur.mat using Guid(3e4cb58634e749e479e83f5143369df3) Importer(815301076,1909f56bfc062723c751e8b465ee728b)  -> (artifact id: '589765c2c3a151a3ad8edde683142908') in 0.077032 seconds 
========================================================================
Received Import Request.
  Time since last request: 0.000026 seconds.
  path: Assets/_Creepy_Cat/_3D Showroom Level Kit Vol 2/_Meshes/Materials/Diffuse_02_Dif.mat
  artifactKey: Guid(e560d1a389eb749a4b3a65cc2fee13f6) Importer(815301076,1909f56bfc062723c751e8b465ee728b)
Start importing Assets/_Creepy_Cat/_3D Showroom Level Kit Vol 2/_Meshes/Materials/Diffuse_02_Dif.mat using Guid(e560d1a389eb749a4b3a65cc2fee13f6) Importer(815301076,1909f56bfc062723c751e8b465ee728b)  -> (artifact id: '1ecec0f7ede0c860b7a20b6e33b4196d') in 0.284772 seconds 
========================================================================
Received Import Request.
  Time since last request: 0.000024 seconds.
  path: Assets/OfficeInteriors/Src/scene3/Materials/ConcreteBare0022_5_S.mat
  artifactKey: Guid(e5ca69ab7cccd024fa57079c18ef1d42) Importer(815301076,1909f56bfc062723c751e8b465ee728b)
Start importing Assets/OfficeInteriors/Src/scene3/Materials/ConcreteBare0022_5_S.mat using Guid(e5ca69ab7cccd024fa57079c18ef1d42) Importer(815301076,1909f56bfc062723c751e8b465ee728b)  -> (artifact id: '29cde3486089f9acf20bd4c256169eb6') in 0.065012 seconds 
========================================================================
Received Import Request.
  Time since last request: 0.178701 seconds.
  path: Assets/OfficeInteriors/Src/scene3/Materials/caoutchou.mat
  artifactKey: Guid(1d706eb37bb8cf9428f7848cdd2624d5) Importer(815301076,1909f56bfc062723c751e8b465ee728b)
Start importing Assets/OfficeInteriors/Src/scene3/Materials/caoutchou.mat using Guid(1d706eb37bb8cf9428f7848cdd2624d5) Importer(815301076,1909f56bfc062723c751e8b465ee728b)  -> (artifact id: '4d4a39ce0153e06c1ac7e3da1425cfee') in 0.064036 seconds 
========================================================================
Received Import Request.
  Time since last request: 0.885556 seconds.
  path: Assets/OfficeInteriors/Src/scene3/Materials/BasChaise.mat
  artifactKey: Guid(73185585d9bacb84a8ff865e086be970) Importer(815301076,1909f56bfc062723c751e8b465ee728b)
Start importing Assets/OfficeInteriors/Src/scene3/Materials/BasChaise.mat using Guid(73185585d9bacb84a8ff865e086be970) Importer(815301076,1909f56bfc062723c751e8b465ee728b)  -> (artifact id: '33937ed93902809fb6e5cb3fb8fa6701') in 0.076114 seconds 
========================================================================
Received Import Request.
  Time since last request: 0.024150 seconds.
  path: Assets/TextMesh Pro/Examples & Extras/Resources/Fonts & Materials/Bangers SDF Logo.mat
  artifactKey: Guid(f4e195ac1e204eff960149d1cb34e18c) Importer(815301076,1909f56bfc062723c751e8b465ee728b)
Start importing Assets/TextMesh Pro/Examples & Extras/Resources/Fonts & Materials/Bangers SDF Logo.mat using Guid(f4e195ac1e204eff960149d1cb34e18c) Importer(815301076,1909f56bfc062723c751e8b465ee728b)  -> (artifact id: 'c8cae32c09c50513f72ef668be601914') in 0.020888 seconds 
========================================================================
Received Import Request.
  Time since last request: 0.378059 seconds.
  path: Assets/TextMesh Pro/Examples & Extras/Resources/Fonts & Materials/Bangers SDF - Outline.mat
  artifactKey: Guid(f629c6e43dba4bf38cb74d8860150664) Importer(815301076,1909f56bfc062723c751e8b465ee728b)
Start importing Assets/TextMesh Pro/Examples & Extras/Resources/Fonts & Materials/Bangers SDF - Outline.mat using Guid(f629c6e43dba4bf38cb74d8860150664) Importer(815301076,1909f56bfc062723c751e8b465ee728b)  -> (artifact id: '9233d56b7f4e0fa682437bce80507dd4') in 0.011051 seconds 
========================================================================
Received Import Request.
  Time since last request: 0.040243 seconds.
  path: Assets/TextMesh Pro/Examples & Extras/Resources/Fonts & Materials/Anton SDF.asset
  artifactKey: Guid(8a89fa14b10d46a99122fd4f73fca9a2) Importer(815301076,1909f56bfc062723c751e8b465ee728b)
Start importing Assets/TextMesh Pro/Examples & Extras/Resources/Fonts & Materials/Anton SDF.asset using Guid(8a89fa14b10d46a99122fd4f73fca9a2) Importer(815301076,1909f56bfc062723c751e8b465ee728b)  -> (artifact id: '269a4585f1d41335a51b37d6df2060db') in 0.016373 seconds 
========================================================================
Received Import Request.
  Time since last request: 0.036204 seconds.
  path: Assets/OfficeInteriors/Src/scene2/Materials/aluBrosse.mat
  artifactKey: Guid(9504a4b334da717469919bb77198e6ee) Importer(815301076,1909f56bfc062723c751e8b465ee728b)
Start importing Assets/OfficeInteriors/Src/scene2/Materials/aluBrosse.mat using Guid(9504a4b334da717469919bb77198e6ee) Importer(815301076,1909f56bfc062723c751e8b465ee728b)  -> (artifact id: 'cb5c6bc3da400664ccd63a1b5dee9d50') in 0.059996 seconds 
========================================================================
Received Import Request.
  Time since last request: 0.305792 seconds.
  path: Assets/OfficeInteriors/Src/scene3/Materials/alu.mat
  artifactKey: Guid(e1f2c0d9d7d8cb24c9c2c9dcfc1771c9) Importer(815301076,1909f56bfc062723c751e8b465ee728b)
Start importing Assets/OfficeInteriors/Src/scene3/Materials/alu.mat using Guid(e1f2c0d9d7d8cb24c9c2c9dcfc1771c9) Importer(815301076,1909f56bfc062723c751e8b465ee728b)  -> (artifact id: 'd5996fa20f2991b8890aaa6c1c7e9174') in 0.076722 seconds 
Editor requested this worker to shutdown with reason: Scaling down because of idle timeout
AssetImportWorker is now disconnected from the server
Process exiting
Exiting without the bug reporter. Application will terminate with return code 0